#
# There is insufficient memory for the Java Runtime Environment to continue.
# Native memory allocation (malloc) failed to allocate 2182976 bytes for Chunk::new
# Possible reasons:
#   The system is out of physical RAM or swap space
#   The process is running with CompressedOops enabled, and the Java Heap may be blocking the growth of the native heap
# Possible solutions:
#   Reduce memory load on the system
#   Increase physical memory or swap space
#   Check if swap backing store is full
#   Decrease Java heap size (-Xmx/-Xms)
#   Decrease number of Java threads
#   Decrease Java thread stack sizes (-Xss)
#   Set larger code cache with -XX:ReservedCodeCacheSize=
#   JVM is running with Unscaled Compressed Oops mode in which the Java heap is
#     placed in the first 4GB address space. The Java Heap base address is the
#     maximum limit for the native heap growth. Please use -XX:HeapBaseMinAddress
#     to set the Java Heap base and to place the Java Heap above 4GB virtual address.
# This output file may be truncated or incomplete.
#
#  Out of Memory Error (./src/hotspot/share/memory/arena.cpp:197), pid=12912, tid=6948
#
# JRE version: OpenJDK Runtime Environment (11.0.12+7) (build 11.0.12+7-b1504.28-7817840)
# Java VM: OpenJDK 64-Bit Server VM (11.0.12+7-b1504.28-7817840, mixed mode, tiered, compressed oops, g1 gc, windows-amd64)
# No core dump will be written. Minidumps are not enabled by default on client versions of Windows
#

---------------  S U M M A R Y ------------

Command Line: --add-opens=java.base/java.util=ALL-UNNAMED --add-opens=java.base/java.lang=ALL-UNNAMED --add-opens=java.base/java.lang.invoke=ALL-UNNAMED --add-opens=java.base/java.util=ALL-UNNAMED --add-opens=java.prefs/java.util.prefs=ALL-UNNAMED --add-opens=java.prefs/java.util.prefs=ALL-UNNAMED --add-opens=java.base/java.nio.charset=ALL-UNNAMED --add-opens=java.base/java.net=ALL-UNNAMED --add-opens=java.base/java.util.concurrent.atomic=ALL-UNNAMED -Xmx2048m -Dfile.encoding=UTF-8 -Duser.country=BR -Duser.language=pt -Duser.variant org.gradle.launcher.daemon.bootstrap.GradleDaemon 7.3.3

Host: Intel(R) Core(TM) i5-6200U CPU @ 2.30GHz, 4 cores, 7G,  Windows 10 , 64 bit Build 19041 (10.0.19041.1741)
Time: Mon Jun 20 14:41:53 2022 Hora oficial do Brasil elapsed time: 301.567252 seconds (0d 0h 5m 1s)

---------------  T H R E A D  ---------------

Current thread (0x000001c51aebd800):  JavaThread "C2 CompilerThread0" daemon [_thread_in_native, id=6948, stack(0x000000c05a100000,0x000000c05a200000)]


Current CompileTask:
C2: 301567 23925       4       com.android.tools.r8.ir.regalloc.b::c (3963 bytes)

Stack: [0x000000c05a100000,0x000000c05a200000]
Native frames: (J=compiled Java code, j=interpreted, Vv=VM code, C=native code)
V  [jvm.dll+0x5fbcea]
V  [jvm.dll+0x731905]
V  [jvm.dll+0x732f1d]
V  [jvm.dll+0x7335d3]
V  [jvm.dll+0x247bf8]
V  [jvm.dll+0xc018c]
V  [jvm.dll+0xc06cc]
V  [jvm.dll+0x2bcc04]
V  [jvm.dll+0x5113a8]
V  [jvm.dll+0x208303]
V  [jvm.dll+0x201fe0]
V  [jvm.dll+0x1ff71f]
V  [jvm.dll+0x18868c]
V  [jvm.dll+0x20e0d7]
V  [jvm.dll+0x20c901]
V  [jvm.dll+0x6f9b7f]
V  [jvm.dll+0x6f26a5]
V  [jvm.dll+0x5fabf6]
C  [ucrtbase.dll+0x21bb2]
C  [KERNEL32.DLL+0x17034]
C  [ntdll.dll+0x52651]


---------------  P R O C E S S  ---------------

Threads class SMR info:
_java_thread_list=0x000001c52af9cbf0, length=89, elements={
0x000001c57cfca800, 0x000001c51ad3f800, 0x000001c51ad02800, 0x000001c51aeae000,
0x000001c51aeb1000, 0x000001c51aeb6800, 0x000001c51aebd800, 0x000001c51aec1000,
0x000001c51aecc800, 0x000001c51b3e3800, 0x000001c51c335000, 0x000001c51bb20000,
0x000001c51b1fc800, 0x000001c51cc40000, 0x000001c51cc42800, 0x000001c51cc40800,
0x000001c51d569800, 0x000001c51d56c000, 0x000001c51d56e000, 0x000001c51d56a800,
0x000001c51d34c000, 0x000001c51d349800, 0x000001c51d34b000, 0x000001c51d569000,
0x000001c520503800, 0x000001c520502000, 0x000001c520364000, 0x000001c520366800,
0x000001c520362800, 0x000001c520369000, 0x000001c52036d800, 0x000001c5204fc000,
0x000001c5204fe800, 0x000001c5204fd000, 0x000001c5204ff800, 0x000001c5204f9800,
0x000001c520506000, 0x000001c520504800, 0x000001c520502800, 0x000001c520500800,
0x000001c520501000, 0x000001c520505000, 0x000001c5271a8000, 0x000001c5271ab800,
0x000001c5271af000, 0x000001c5271a9000, 0x000001c5271ad000, 0x000001c5271ac800,
0x000001c5271ae000, 0x000001c5271af800, 0x000001c5271aa800, 0x000001c5271aa000,
0x000001c5271b3800, 0x000001c5271b3000, 0x000001c5271b4800, 0x000001c5271b2000,
0x000001c5271b5800, 0x000001c5271b6000, 0x000001c5271b0800, 0x000001c5271b1000,
0x000001c5271b7000, 0x000001c52036d000, 0x000001c5275b5000, 0x000001c5275b6800,
0x000001c5275b4000, 0x000001c5275b6000, 0x000001c5275b7800, 0x000001c5275b2000,
0x000001c5275b8800, 0x000001c5275b2800, 0x000001c5275b9000, 0x000001c5275b3800,
0x000001c5275bb000, 0x000001c5275bf000, 0x000001c5275ba000, 0x000001c5275bd000,
0x000001c5275bf800, 0x000001c5275c0800, 0x000001c5275bc800, 0x000001c5275be000,
0x000001c520365800, 0x000001c520367000, 0x000001c52036c000, 0x000001c520368000,
0x000001c51d348000, 0x000001c51d349000, 0x000001c520370000, 0x000001c520371000,
0x000001c51cc43000
}

Java Threads: ( => current thread )
  0x000001c57cfca800 JavaThread "main" [_thread_blocked, id=12900, stack(0x000000c059500000,0x000000c059600000)]
  0x000001c51ad3f800 JavaThread "Reference Handler" daemon [_thread_blocked, id=7472, stack(0x000000c059c00000,0x000000c059d00000)]
  0x000001c51ad02800 JavaThread "Finalizer" daemon [_thread_blocked, id=7060, stack(0x000000c059d00000,0x000000c059e00000)]
  0x000001c51aeae000 JavaThread "Signal Dispatcher" daemon [_thread_blocked, id=10912, stack(0x000000c059e00000,0x000000c059f00000)]
  0x000001c51aeb1000 JavaThread "Attach Listener" daemon [_thread_blocked, id=4952, stack(0x000000c059f00000,0x000000c05a000000)]
  0x000001c51aeb6800 JavaThread "Service Thread" daemon [_thread_blocked, id=11768, stack(0x000000c05a000000,0x000000c05a100000)]
=>0x000001c51aebd800 JavaThread "C2 CompilerThread0" daemon [_thread_in_native, id=6948, stack(0x000000c05a100000,0x000000c05a200000)]
  0x000001c51aec1000 JavaThread "C1 CompilerThread0" daemon [_thread_blocked, id=10208, stack(0x000000c05a200000,0x000000c05a300000)]
  0x000001c51aecc800 JavaThread "Sweeper thread" daemon [_thread_blocked, id=12972, stack(0x000000c05a300000,0x000000c05a400000)]
  0x000001c51b3e3800 JavaThread "Common-Cleaner" daemon [_thread_blocked, id=11984, stack(0x000000c05a400000,0x000000c05a500000)]
  0x000001c51c335000 JavaThread "Daemon health stats" [_thread_blocked, id=10312, stack(0x000000c05a600000,0x000000c05a700000)]
  0x000001c51bb20000 JavaThread "Incoming local TCP Connector on port 52734" [_thread_in_native, id=3188, stack(0x000000c05a900000,0x000000c05aa00000)]
  0x000001c51b1fc800 JavaThread "Daemon periodic checks" [_thread_blocked, id=3116, stack(0x000000c05aa00000,0x000000c05ab00000)]
  0x000001c51cc40000 JavaThread "Cache worker for journal cache (C:\Users\usuario\.gradle\caches\journal-1)" [_thread_blocked, id=11432, stack(0x000000c05b300000,0x000000c05b400000)]
  0x000001c51cc42800 JavaThread "File lock request listener" [_thread_in_native, id=6456, stack(0x000000c05b400000,0x000000c05b500000)]
  0x000001c51cc40800 JavaThread "Cache worker for file hash cache (C:\Users\usuario\.gradle\caches\7.3.3\fileHashes)" [_thread_blocked, id=7632, stack(0x000000c05b500000,0x000000c05b600000)]
  0x000001c51d569800 JavaThread "File watcher server" daemon [_thread_in_native, id=13884, stack(0x000000c05b800000,0x000000c05b900000)]
  0x000001c51d56c000 JavaThread "File watcher consumer" daemon [_thread_blocked, id=5184, stack(0x000000c05b900000,0x000000c05ba00000)]
  0x000001c51d56e000 JavaThread "jar transforms" [_thread_blocked, id=11896, stack(0x000000c05ba00000,0x000000c05bb00000)]
  0x000001c51d56a800 JavaThread "jar transforms Thread 2" [_thread_blocked, id=1948, stack(0x000000c05bb00000,0x000000c05bc00000)]
  0x000001c51d34c000 JavaThread "jar transforms Thread 3" [_thread_blocked, id=5068, stack(0x000000c05bc00000,0x000000c05bd00000)]
  0x000001c51d349800 JavaThread "jar transforms Thread 4" [_thread_blocked, id=11812, stack(0x000000c05bd00000,0x000000c05be00000)]
  0x000001c51d34b000 JavaThread "Cache worker for execution history cache (C:\Users\usuario\.gradle\caches\7.3.3\executionHistory)" [_thread_blocked, id=5624, stack(0x000000c05c000000,0x000000c05c100000)]
  0x000001c51d569000 JavaThread "Cache worker for file content cache (C:\Users\usuario\.gradle\caches\7.3.3\fileContent)" [_thread_blocked, id=10516, stack(0x000000c05c100000,0x000000c05c200000)]
  0x000001c520503800 JavaThread "Memory manager" [_thread_blocked, id=10248, stack(0x000000c05ed00000,0x000000c05ee00000)]
  0x000001c520502000 JavaThread "pool-3-thread-1" [_thread_blocked, id=1628, stack(0x000000c05f000000,0x000000c05f100000)]
  0x000001c520364000 JavaThread "Daemon Thread 2" [_thread_blocked, id=12748, stack(0x000000c059200000,0x000000c059300000)]
  0x000001c520366800 JavaThread "Handler for socket connection from /127.0.0.1:52734 to /127.0.0.1:52775" [_thread_in_native, id=5916, stack(0x000000c059300000,0x000000c059400000)]
  0x000001c520362800 JavaThread "Cancel handler" [_thread_blocked, id=2624, stack(0x000000c059400000,0x000000c059500000)]
  0x000001c520369000 JavaThread "Daemon worker Thread 2" [_thread_blocked, id=12936, stack(0x000000c05ab00000,0x000000c05ac00000)]
  0x000001c52036d800 JavaThread "Asynchronous log dispatcher for DefaultDaemonConnection: socket connection from /127.0.0.1:52734 to /127.0.0.1:52775" [_thread_blocked, id=13432, stack(0x000000c05ac00000,0x000000c05ad00000)]
  0x000001c5204fc000 JavaThread "Daemon client event forwarder" [_thread_blocked, id=12160, stack(0x000000c05ae00000,0x000000c05af00000)]
  0x000001c5204fe800 JavaThread "Cache worker for file hash cache (C:\Users\usuario\Desktop\Projeto_Integrador_SustentAcao\.gradle\7.3.3\fileHashes)" [_thread_blocked, id=7552, stack(0x000000c05af00000,0x000000c05b000000)]
  0x000001c5204fd000 JavaThread "Cache worker for checksums cache (C:\Users\usuario\Desktop\Projeto_Integrador_SustentAcao\.gradle\7.3.3\checksums)" [_thread_blocked, id=6228, stack(0x000000c05b000000,0x000000c05b100000)]
  0x000001c5204ff800 JavaThread "Cache worker for cache directory md-supplier (C:\Users\usuario\.gradle\caches\7.3.3\md-supplier)" [_thread_blocked, id=5736, stack(0x000000c05b100000,0x000000c05b200000)]
  0x000001c5204f9800 JavaThread "Cache worker for cache directory md-rule (C:\Users\usuario\.gradle\caches\7.3.3\md-rule)" [_thread_blocked, id=13168, stack(0x000000c05b600000,0x000000c05b700000)]
  0x000001c520506000 JavaThread "Cache worker for dependencies-accessors (C:\Users\usuario\Desktop\Projeto_Integrador_SustentAcao\.gradle\7.3.3\dependencies-accessors)" [_thread_blocked, id=12920, stack(0x000000c05b700000,0x000000c05b800000)]
  0x000001c520504800 JavaThread "Cache worker for Build Output Cleanup Cache (C:\Users\usuario\Desktop\Projeto_Integrador_SustentAcao\.gradle\buildOutputCleanup)" [_thread_blocked, id=4644, stack(0x000000c05be00000,0x000000c05bf00000)]
  0x000001c520502800 JavaThread "Unconstrained build operations" [_thread_blocked, id=11492, stack(0x000000c05bf00000,0x000000c05c000000)]
  0x000001c520500800 JavaThread "Unconstrained build operations Thread 2" [_thread_blocked, id=14268, stack(0x000000c05c200000,0x000000c05c300000)]
  0x000001c520501000 JavaThread "Unconstrained build operations Thread 3" [_thread_blocked, id=13500, stack(0x000000c05c300000,0x000000c05c400000)]
  0x000001c520505000 JavaThread "Unconstrained build operations Thread 4" [_thread_in_Java, id=3724, stack(0x000000c05c400000,0x000000c05c500000)]
  0x000001c5271a8000 JavaThread "Unconstrained build operations Thread 5" [_thread_blocked, id=11832, stack(0x000000c05c500000,0x000000c05c600000)]
  0x000001c5271ab800 JavaThread "Unconstrained build operations Thread 6" [_thread_blocked, id=10908, stack(0x000000c05c600000,0x000000c05c700000)]
  0x000001c5271af000 JavaThread "Unconstrained build operations Thread 7" [_thread_blocked, id=13220, stack(0x000000c05c700000,0x000000c05c800000)]
  0x000001c5271a9000 JavaThread "Unconstrained build operations Thread 8" [_thread_blocked, id=1076, stack(0x000000c05c800000,0x000000c05c900000)]
  0x000001c5271ad000 JavaThread "Unconstrained build operations Thread 9" [_thread_blocked, id=11596, stack(0x000000c05c900000,0x000000c05ca00000)]
  0x000001c5271ac800 JavaThread "Unconstrained build operations Thread 10" [_thread_blocked, id=10276, stack(0x000000c05ca00000,0x000000c05cb00000)]
  0x000001c5271ae000 JavaThread "Unconstrained build operations Thread 11" [_thread_blocked, id=14248, stack(0x000000c05cb00000,0x000000c05cc00000)]
  0x000001c5271af800 JavaThread "Unconstrained build operations Thread 12" [_thread_blocked, id=2248, stack(0x000000c05cc00000,0x000000c05cd00000)]
  0x000001c5271aa800 JavaThread "Unconstrained build operations Thread 13" [_thread_blocked, id=5232, stack(0x000000c05cd00000,0x000000c05ce00000)]
  0x000001c5271aa000 JavaThread "Unconstrained build operations Thread 14" [_thread_blocked, id=10612, stack(0x000000c05ce00000,0x000000c05cf00000)]
  0x000001c5271b3800 JavaThread "Unconstrained build operations Thread 15" [_thread_blocked, id=10984, stack(0x000000c05cf00000,0x000000c05d000000)]
  0x000001c5271b3000 JavaThread "Unconstrained build operations Thread 16" [_thread_blocked, id=2700, stack(0x000000c05d000000,0x000000c05d100000)]
  0x000001c5271b4800 JavaThread "Unconstrained build operations Thread 17" [_thread_blocked, id=10620, stack(0x000000c05d100000,0x000000c05d200000)]
  0x000001c5271b2000 JavaThread "Unconstrained build operations Thread 18" [_thread_blocked, id=12796, stack(0x000000c05d200000,0x000000c05d300000)]
  0x000001c5271b5800 JavaThread "Unconstrained build operations Thread 19" [_thread_blocked, id=5988, stack(0x000000c05d300000,0x000000c05d400000)]
  0x000001c5271b6000 JavaThread "Unconstrained build operations Thread 20" [_thread_blocked, id=11000, stack(0x000000c05d400000,0x000000c05d500000)]
  0x000001c5271b0800 JavaThread "Unconstrained build operations Thread 21" [_thread_blocked, id=12308, stack(0x000000c05d500000,0x000000c05d600000)]
  0x000001c5271b1000 JavaThread "Unconstrained build operations Thread 22" [_thread_blocked, id=1460, stack(0x000000c05d600000,0x000000c05d700000)]
  0x000001c5271b7000 JavaThread "Unconstrained build operations Thread 23" [_thread_blocked, id=9132, stack(0x000000c05d700000,0x000000c05d800000)]
  0x000001c52036d000 JavaThread "Unconstrained build operations Thread 24" [_thread_blocked, id=12232, stack(0x000000c05d800000,0x000000c05d900000)]
  0x000001c5275b5000 JavaThread "Unconstrained build operations Thread 25" [_thread_blocked, id=2876, stack(0x000000c05d900000,0x000000c05da00000)]
  0x000001c5275b6800 JavaThread "Unconstrained build operations Thread 26" [_thread_blocked, id=3920, stack(0x000000c05da00000,0x000000c05db00000)]
  0x000001c5275b4000 JavaThread "Unconstrained build operations Thread 27" [_thread_blocked, id=13552, stack(0x000000c05db00000,0x000000c05dc00000)]
  0x000001c5275b6000 JavaThread "Unconstrained build operations Thread 28" [_thread_blocked, id=8044, stack(0x000000c05dc00000,0x000000c05dd00000)]
  0x000001c5275b7800 JavaThread "Unconstrained build operations Thread 29" [_thread_blocked, id=10496, stack(0x000000c05dd00000,0x000000c05de00000)]
  0x000001c5275b2000 JavaThread "Unconstrained build operations Thread 30" [_thread_blocked, id=7876, stack(0x000000c05de00000,0x000000c05df00000)]
  0x000001c5275b8800 JavaThread "Unconstrained build operations Thread 31" [_thread_blocked, id=7832, stack(0x000000c05df00000,0x000000c05e000000)]
  0x000001c5275b2800 JavaThread "Unconstrained build operations Thread 32" [_thread_blocked, id=12516, stack(0x000000c05e000000,0x000000c05e100000)]
  0x000001c5275b9000 JavaThread "Unconstrained build operations Thread 33" [_thread_blocked, id=3292, stack(0x000000c05e100000,0x000000c05e200000)]
  0x000001c5275b3800 JavaThread "Unconstrained build operations Thread 34" [_thread_blocked, id=4920, stack(0x000000c05e200000,0x000000c05e300000)]
  0x000001c5275bb000 JavaThread "Unconstrained build operations Thread 35" [_thread_blocked, id=6572, stack(0x000000c05e300000,0x000000c05e400000)]
  0x000001c5275bf000 JavaThread "Unconstrained build operations Thread 36" [_thread_blocked, id=13524, stack(0x000000c05e400000,0x000000c05e500000)]
  0x000001c5275ba000 JavaThread "Unconstrained build operations Thread 37" [_thread_blocked, id=1904, stack(0x000000c05e500000,0x000000c05e600000)]
  0x000001c5275bd000 JavaThread "Unconstrained build operations Thread 38" [_thread_blocked, id=12372, stack(0x000000c05e600000,0x000000c05e700000)]
  0x000001c5275bf800 JavaThread "Unconstrained build operations Thread 39" [_thread_blocked, id=11852, stack(0x000000c05e700000,0x000000c05e800000)]
  0x000001c5275c0800 JavaThread "Unconstrained build operations Thread 40" [_thread_blocked, id=12268, stack(0x000000c05e800000,0x000000c05e900000)]
  0x000001c5275bc800 JavaThread "build event listener" [_thread_blocked, id=812, stack(0x000000c05ea00000,0x000000c05eb00000)]
  0x000001c5275be000 JavaThread "pool-6-thread-1" [_thread_blocked, id=11456, stack(0x000000c05eb00000,0x000000c05ec00000)]
  0x000001c520365800 JavaThread "build event listener" [_thread_blocked, id=6596, stack(0x000000c05ec00000,0x000000c05ed00000)]
  0x000001c520367000 JavaThread "Execution worker for ':'" [_thread_blocked, id=1888, stack(0x000000c05ee00000,0x000000c05ef00000)]
  0x000001c52036c000 JavaThread "Execution worker for ':' Thread 2" [_thread_blocked, id=6832, stack(0x000000c05ef00000,0x000000c05f000000)]
  0x000001c520368000 JavaThread "Execution worker for ':' Thread 3" [_thread_blocked, id=11100, stack(0x000000c05f100000,0x000000c05f200000)]
  0x000001c51d348000 JavaThread "Cache worker for execution history cache (C:\Users\usuario\Desktop\Projeto_Integrador_SustentAcao\.gradle\7.3.3\executionHistory)" [_thread_blocked, id=5320, stack(0x000000c05f200000,0x000000c05f300000)]
  0x000001c51d349000 JavaThread "WorkerExecutor Queue" [_thread_blocked, id=8304, stack(0x000000c05f300000,0x000000c05f400000)]
  0x000001c520370000 JavaThread "WorkerExecutor Queue Thread 2" [_thread_blocked, id=12128, stack(0x000000c05e900000,0x000000c05ea00000)]
  0x000001c520371000 JavaThread "WorkerExecutor Queue Thread 3" [_thread_blocked, id=13112, stack(0x000000c05f400000,0x000000c05f500000)]
  0x000001c51cc43000 JavaThread "WorkerExecutor Queue Thread 4" [_thread_blocked, id=14152, stack(0x000000c05f500000,0x000000c05f600000)]

Other Threads:
  0x000001c51acc8800 VMThread "VM Thread" [stack: 0x000000c059b00000,0x000000c059c00000] [id=988]
  0x000001c51b46a000 WatcherThread [stack: 0x000000c05a500000,0x000000c05a600000] [id=14064]
  0x000001c57cfed800 GCTaskThread "GC Thread#0" [stack: 0x000000c059600000,0x000000c059700000] [id=8004]
  0x000001c51bd52800 GCTaskThread "GC Thread#1" [stack: 0x000000c05a700000,0x000000c05a800000] [id=6772]
  0x000001c51bfb5800 GCTaskThread "GC Thread#2" [stack: 0x000000c05a800000,0x000000c05a900000] [id=6320]
  0x000001c51d4c1800 GCTaskThread "GC Thread#3" [stack: 0x000000c05b200000,0x000000c05b300000] [id=3164]
  0x000001c57d022000 ConcurrentGCThread "G1 Main Marker" [stack: 0x000000c059700000,0x000000c059800000] [id=6780]
  0x000001c57d023000 ConcurrentGCThread "G1 Conc#0" [stack: 0x000000c059800000,0x000000c059900000] [id=4108]
  0x000001c51a08b000 ConcurrentGCThread "G1 Refine#0" [stack: 0x000000c059900000,0x000000c059a00000] [id=4852]
  0x000001c51a08c000 ConcurrentGCThread "G1 Young RemSet Sampling" [stack: 0x000000c059a00000,0x000000c059b00000] [id=12676]

Threads with active compile tasks:
C2 CompilerThread0 301680 23925       4       com.android.tools.r8.ir.regalloc.b::c (3963 bytes)

VM state:not at safepoint (normal execution)

VM Mutex/Monitor currently owned by a thread: None

Heap address: 0x0000000080000000, size: 2048 MB, Compressed Oops mode: 32-bit
Narrow klass base: 0x0000000000000000, Narrow klass shift: 3
Compressed class space size: 1073741824 Address: 0x0000000100000000

Heap:
 garbage-first heap   total 273408K, used 222886K [0x0000000080000000, 0x0000000100000000)
  region size 1024K, 43 young (44032K), 4 survivors (4096K)
 Metaspace       used 147887K, capacity 151549K, committed 151628K, reserved 1181696K
  class space    used 18130K, capacity 19482K, committed 19532K, reserved 1048576K
Heap Regions: E=young(eden), S=young(survivor), O=old, HS=humongous(starts), HC=humongous(continues), CS=collection set, F=free, A=archive, TAMS=top-at-mark-start (previous, next)
|   0|0x0000000080000000, 0x0000000080100000, 0x0000000080100000|100%| O|  |TAMS 0x0000000080100000, 0x0000000080000000| Untracked 
|   1|0x0000000080100000, 0x0000000080200000, 0x0000000080200000|100%| O|  |TAMS 0x0000000080200000, 0x0000000080100000| Untracked 
|   2|0x0000000080200000, 0x0000000080300000, 0x0000000080300000|100%| O|  |TAMS 0x0000000080300000, 0x0000000080200000| Untracked 
|   3|0x0000000080300000, 0x0000000080400000, 0x0000000080400000|100%|HS|  |TAMS 0x0000000080400000, 0x0000000080300000| Complete 
|   4|0x0000000080400000, 0x0000000080500000, 0x0000000080500000|100%|HC|  |TAMS 0x0000000080500000, 0x0000000080400000| Complete 
|   5|0x0000000080500000, 0x0000000080600000, 0x0000000080600000|100%|HC|  |TAMS 0x0000000080600000, 0x0000000080500000| Complete 
|   6|0x0000000080600000, 0x0000000080700000, 0x0000000080700000|100%| O|  |TAMS 0x0000000080700000, 0x0000000080600000| Untracked 
|   7|0x0000000080700000, 0x0000000080800000, 0x0000000080800000|100%| O|  |TAMS 0x0000000080800000, 0x0000000080700000| Untracked 
|   8|0x0000000080800000, 0x0000000080900000, 0x0000000080900000|100%| O|  |TAMS 0x0000000080900000, 0x0000000080800000| Untracked 
|   9|0x0000000080900000, 0x0000000080a00000, 0x0000000080a00000|100%| O|  |TAMS 0x0000000080a00000, 0x0000000080900000| Untracked 
|  10|0x0000000080a00000, 0x0000000080b00000, 0x0000000080b00000|100%| O|  |TAMS 0x0000000080b00000, 0x0000000080a00000| Untracked 
|  11|0x0000000080b00000, 0x0000000080c00000, 0x0000000080c00000|100%| O|  |TAMS 0x0000000080c00000, 0x0000000080b00000| Untracked 
|  12|0x0000000080c00000, 0x0000000080d00000, 0x0000000080d00000|100%| O|  |TAMS 0x0000000080d00000, 0x0000000080c00000| Untracked 
|  13|0x0000000080d00000, 0x0000000080e00000, 0x0000000080e00000|100%| O|  |TAMS 0x0000000080e00000, 0x0000000080d00000| Untracked 
|  14|0x0000000080e00000, 0x0000000080f00000, 0x0000000080f00000|100%| O|  |TAMS 0x0000000080f00000, 0x0000000080e00000| Untracked 
|  15|0x0000000080f00000, 0x0000000081000000, 0x0000000081000000|100%| O|  |TAMS 0x0000000081000000, 0x0000000080f00000| Untracked 
|  16|0x0000000081000000, 0x0000000081100000, 0x0000000081100000|100%|HS|  |TAMS 0x0000000081100000, 0x0000000081000000| Complete 
|  17|0x0000000081100000, 0x0000000081200000, 0x0000000081200000|100%|HC|  |TAMS 0x0000000081200000, 0x0000000081100000| Complete 
|  18|0x0000000081200000, 0x0000000081300000, 0x0000000081300000|100%|HS|  |TAMS 0x0000000081300000, 0x0000000081200000| Complete 
|  19|0x0000000081300000, 0x0000000081400000, 0x0000000081400000|100%|HC|  |TAMS 0x0000000081400000, 0x0000000081300000| Complete 
|  20|0x0000000081400000, 0x0000000081500000, 0x0000000081500000|100%|HC|  |TAMS 0x0000000081500000, 0x0000000081400000| Complete 
|  21|0x0000000081500000, 0x0000000081600000, 0x0000000081600000|100%|HS|  |TAMS 0x0000000081600000, 0x0000000081500000| Complete 
|  22|0x0000000081600000, 0x0000000081700000, 0x0000000081700000|100%|HS|  |TAMS 0x0000000081700000, 0x0000000081600000| Complete 
|  23|0x0000000081700000, 0x0000000081800000, 0x0000000081800000|100%|HC|  |TAMS 0x0000000081800000, 0x0000000081700000| Complete 
|  24|0x0000000081800000, 0x0000000081900000, 0x0000000081900000|100%|HC|  |TAMS 0x0000000081900000, 0x0000000081800000| Complete 
|  25|0x0000000081900000, 0x0000000081a00000, 0x0000000081a00000|100%|HC|  |TAMS 0x0000000081a00000, 0x0000000081900000| Complete 
|  26|0x0000000081a00000, 0x0000000081b00000, 0x0000000081b00000|100%| O|  |TAMS 0x0000000081b00000, 0x0000000081a00000| Untracked 
|  27|0x0000000081b00000, 0x0000000081c00000, 0x0000000081c00000|100%| O|  |TAMS 0x0000000081c00000, 0x0000000081b00000| Untracked 
|  28|0x0000000081c00000, 0x0000000081d00000, 0x0000000081d00000|100%| O|  |TAMS 0x0000000081d00000, 0x0000000081c00000| Untracked 
|  29|0x0000000081d00000, 0x0000000081e00000, 0x0000000081e00000|100%| O|  |TAMS 0x0000000081e00000, 0x0000000081d00000| Untracked 
|  30|0x0000000081e00000, 0x0000000081f00000, 0x0000000081f00000|100%| O|  |TAMS 0x0000000081f00000, 0x0000000081e00000| Untracked 
|  31|0x0000000081f00000, 0x0000000082000000, 0x0000000082000000|100%| O|  |TAMS 0x0000000082000000, 0x0000000081f00000| Untracked 
|  32|0x0000000082000000, 0x0000000082100000, 0x0000000082100000|100%| O|  |TAMS 0x0000000082100000, 0x0000000082000000| Untracked 
|  33|0x0000000082100000, 0x0000000082200000, 0x0000000082200000|100%| O|  |TAMS 0x0000000082200000, 0x0000000082100000| Untracked 
|  34|0x0000000082200000, 0x0000000082300000, 0x0000000082300000|100%|HS|  |TAMS 0x0000000082300000, 0x0000000082200000| Complete 
|  35|0x0000000082300000, 0x0000000082400000, 0x0000000082400000|100%|HC|  |TAMS 0x0000000082400000, 0x0000000082300000| Complete 
|  36|0x0000000082400000, 0x0000000082500000, 0x0000000082500000|100%|HC|  |TAMS 0x0000000082500000, 0x0000000082400000| Complete 
|  37|0x0000000082500000, 0x0000000082600000, 0x0000000082600000|100%|HS|  |TAMS 0x0000000082600000, 0x0000000082500000| Complete 
|  38|0x0000000082600000, 0x0000000082700000, 0x0000000082700000|100%| O|  |TAMS 0x0000000082700000, 0x0000000082600000| Untracked 
|  39|0x0000000082700000, 0x0000000082800000, 0x0000000082800000|100%| O|  |TAMS 0x0000000082800000, 0x0000000082700000| Untracked 
|  40|0x0000000082800000, 0x0000000082900000, 0x0000000082900000|100%| O|  |TAMS 0x0000000082900000, 0x0000000082800000| Untracked 
|  41|0x0000000082900000, 0x0000000082a00000, 0x0000000082a00000|100%| O|  |TAMS 0x0000000082a00000, 0x0000000082900000| Untracked 
|  42|0x0000000082a00000, 0x0000000082b00000, 0x0000000082b00000|100%| O|  |TAMS 0x0000000082b00000, 0x0000000082a00000| Untracked 
|  43|0x0000000082b00000, 0x0000000082c00000, 0x0000000082c00000|100%| O|  |TAMS 0x0000000082c00000, 0x0000000082b00000| Untracked 
|  44|0x0000000082c00000, 0x0000000082d00000, 0x0000000082d00000|100%| O|  |TAMS 0x0000000082d00000, 0x0000000082c00000| Untracked 
|  45|0x0000000082d00000, 0x0000000082e00000, 0x0000000082e00000|100%| O|  |TAMS 0x0000000082e00000, 0x0000000082d00000| Untracked 
|  46|0x0000000082e00000, 0x0000000082f00000, 0x0000000082f00000|100%| O|  |TAMS 0x0000000082f00000, 0x0000000082e00000| Untracked 
|  47|0x0000000082f00000, 0x0000000083000000, 0x0000000083000000|100%| O|  |TAMS 0x0000000083000000, 0x0000000082f00000| Untracked 
|  48|0x0000000083000000, 0x0000000083100000, 0x0000000083100000|100%|HS|  |TAMS 0x0000000083100000, 0x0000000083000000| Complete 
|  49|0x0000000083100000, 0x0000000083200000, 0x0000000083200000|100%|HC|  |TAMS 0x0000000083200000, 0x0000000083100000| Complete 
|  50|0x0000000083200000, 0x0000000083300000, 0x0000000083300000|100%|HC|  |TAMS 0x0000000083300000, 0x0000000083200000| Complete 
|  51|0x0000000083300000, 0x0000000083400000, 0x0000000083400000|100%|HC|  |TAMS 0x0000000083400000, 0x0000000083300000| Complete 
|  52|0x0000000083400000, 0x0000000083500000, 0x0000000083500000|100%| O|  |TAMS 0x0000000083500000, 0x0000000083400000| Untracked 
|  53|0x0000000083500000, 0x0000000083600000, 0x0000000083600000|100%| O|  |TAMS 0x0000000083600000, 0x0000000083500000| Untracked 
|  54|0x0000000083600000, 0x0000000083700000, 0x0000000083700000|100%| O|  |TAMS 0x0000000083700000, 0x0000000083600000| Untracked 
|  55|0x0000000083700000, 0x0000000083800000, 0x0000000083800000|100%|HS|  |TAMS 0x0000000083800000, 0x0000000083700000| Complete 
|  56|0x0000000083800000, 0x0000000083900000, 0x0000000083900000|100%|HS|  |TAMS 0x0000000083900000, 0x0000000083800000| Complete 
|  57|0x0000000083900000, 0x0000000083a00000, 0x0000000083a00000|100%| O|  |TAMS 0x0000000083a00000, 0x0000000083900000| Untracked 
|  58|0x0000000083a00000, 0x0000000083b00000, 0x0000000083b00000|100%| O|  |TAMS 0x0000000083b00000, 0x0000000083a00000| Untracked 
|  59|0x0000000083b00000, 0x0000000083c00000, 0x0000000083c00000|100%| O|  |TAMS 0x0000000083c00000, 0x0000000083b00000| Untracked 
|  60|0x0000000083c00000, 0x0000000083d00000, 0x0000000083d00000|100%| O|  |TAMS 0x0000000083d00000, 0x0000000083c00000| Untracked 
|  61|0x0000000083d00000, 0x0000000083e00000, 0x0000000083e00000|100%|HS|  |TAMS 0x0000000083e00000, 0x0000000083d00000| Complete 
|  62|0x0000000083e00000, 0x0000000083f00000, 0x0000000083f00000|100%| O|  |TAMS 0x0000000083f00000, 0x0000000083e00000| Untracked 
|  63|0x0000000083f00000, 0x0000000084000000, 0x0000000084000000|100%| O|  |TAMS 0x0000000084000000, 0x0000000083f00000| Untracked 
|  64|0x0000000084000000, 0x0000000084100000, 0x0000000084100000|100%| O|  |TAMS 0x0000000084100000, 0x0000000084000000| Untracked 
|  65|0x0000000084100000, 0x0000000084200000, 0x0000000084200000|100%| O|  |TAMS 0x0000000084200000, 0x0000000084100000| Untracked 
|  66|0x0000000084200000, 0x0000000084300000, 0x0000000084300000|100%| O|  |TAMS 0x0000000084300000, 0x0000000084200000| Untracked 
|  67|0x0000000084300000, 0x0000000084400000, 0x0000000084400000|100%| O|  |TAMS 0x0000000084300000, 0x0000000084300000| Untracked 
|  68|0x0000000084400000, 0x0000000084500000, 0x0000000084500000|100%|HS|  |TAMS 0x0000000084500000, 0x0000000084400000| Complete 
|  69|0x0000000084500000, 0x0000000084600000, 0x0000000084600000|100%|HC|  |TAMS 0x0000000084600000, 0x0000000084500000| Complete 
|  70|0x0000000084600000, 0x0000000084700000, 0x0000000084700000|100%|HC|  |TAMS 0x0000000084700000, 0x0000000084600000| Complete 
|  71|0x0000000084700000, 0x0000000084800000, 0x0000000084800000|100%|HS|  |TAMS 0x0000000084800000, 0x0000000084700000| Complete 
|  72|0x0000000084800000, 0x0000000084900000, 0x0000000084900000|100%|HC|  |TAMS 0x0000000084900000, 0x0000000084800000| Complete 
|  73|0x0000000084900000, 0x0000000084a00000, 0x0000000084a00000|100%| O|  |TAMS 0x0000000084a00000, 0x0000000084900000| Untracked 
|  74|0x0000000084a00000, 0x0000000084b00000, 0x0000000084b00000|100%| O|  |TAMS 0x0000000084b00000, 0x0000000084a00000| Untracked 
|  75|0x0000000084b00000, 0x0000000084c00000, 0x0000000084c00000|100%| O|  |TAMS 0x0000000084c00000, 0x0000000084b00000| Untracked 
|  76|0x0000000084c00000, 0x0000000084d00000, 0x0000000084d00000|100%| O|  |TAMS 0x0000000084d00000, 0x0000000084c00000| Untracked 
|  77|0x0000000084d00000, 0x0000000084e00000, 0x0000000084e00000|100%| O|  |TAMS 0x0000000084e00000, 0x0000000084d00000| Untracked 
|  78|0x0000000084e00000, 0x0000000084f00000, 0x0000000084f00000|100%| O|  |TAMS 0x0000000084f00000, 0x0000000084e00000| Untracked 
|  79|0x0000000084f00000, 0x0000000085000000, 0x0000000085000000|100%| O|  |TAMS 0x0000000085000000, 0x0000000084f00000| Untracked 
|  80|0x0000000085000000, 0x0000000085100000, 0x0000000085100000|100%| O|  |TAMS 0x0000000085100000, 0x0000000085000000| Untracked 
|  81|0x0000000085100000, 0x0000000085200000, 0x0000000085200000|100%| O|  |TAMS 0x0000000085200000, 0x0000000085100000| Untracked 
|  82|0x0000000085200000, 0x0000000085300000, 0x0000000085300000|100%| O|  |TAMS 0x0000000085300000, 0x0000000085200000| Untracked 
|  83|0x0000000085300000, 0x0000000085400000, 0x0000000085400000|100%| O|  |TAMS 0x0000000085400000, 0x0000000085300000| Untracked 
|  84|0x0000000085400000, 0x0000000085500000, 0x0000000085500000|100%| O|  |TAMS 0x0000000085500000, 0x0000000085400000| Untracked 
|  85|0x0000000085500000, 0x0000000085600000, 0x0000000085600000|100%| O|  |TAMS 0x0000000085600000, 0x0000000085500000| Untracked 
|  86|0x0000000085600000, 0x0000000085700000, 0x0000000085700000|100%| O|  |TAMS 0x0000000085700000, 0x0000000085600000| Untracked 
|  87|0x0000000085700000, 0x0000000085800000, 0x0000000085800000|100%| O|  |TAMS 0x0000000085800000, 0x0000000085700000| Untracked 
|  88|0x0000000085800000, 0x0000000085900000, 0x0000000085900000|100%| O|  |TAMS 0x0000000085900000, 0x0000000085800000| Untracked 
|  89|0x0000000085900000, 0x0000000085a00000, 0x0000000085a00000|100%| O|  |TAMS 0x0000000085a00000, 0x0000000085900000| Untracked 
|  90|0x0000000085a00000, 0x0000000085b00000, 0x0000000085b00000|100%| O|  |TAMS 0x0000000085b00000, 0x0000000085a00000| Untracked 
|  91|0x0000000085b00000, 0x0000000085c00000, 0x0000000085c00000|100%| O|  |TAMS 0x0000000085c00000, 0x0000000085b00000| Untracked 
|  92|0x0000000085c00000, 0x0000000085d00000, 0x0000000085d00000|100%| O|  |TAMS 0x0000000085d00000, 0x0000000085c00000| Untracked 
|  93|0x0000000085d00000, 0x0000000085e00000, 0x0000000085e00000|100%| O|  |TAMS 0x0000000085e00000, 0x0000000085d00000| Untracked 
|  94|0x0000000085e00000, 0x0000000085f00000, 0x0000000085f00000|100%| O|  |TAMS 0x0000000085f00000, 0x0000000085e00000| Untracked 
|  95|0x0000000085f00000, 0x0000000086000000, 0x0000000086000000|100%| O|  |TAMS 0x0000000086000000, 0x0000000085f00000| Untracked 
|  96|0x0000000086000000, 0x0000000086100000, 0x0000000086100000|100%| O|  |TAMS 0x0000000086100000, 0x0000000086000000| Untracked 
|  97|0x0000000086100000, 0x0000000086200000, 0x0000000086200000|100%| O|  |TAMS 0x0000000086200000, 0x0000000086100000| Untracked 
|  98|0x0000000086200000, 0x0000000086300000, 0x0000000086300000|100%|HS|  |TAMS 0x0000000086300000, 0x0000000086200000| Complete 
|  99|0x0000000086300000, 0x0000000086400000, 0x0000000086400000|100%|HC|  |TAMS 0x0000000086400000, 0x0000000086300000| Complete 
| 100|0x0000000086400000, 0x0000000086500000, 0x0000000086500000|100%|HS|  |TAMS 0x0000000086500000, 0x0000000086400000| Complete 
| 101|0x0000000086500000, 0x0000000086600000, 0x0000000086600000|100%|HC|  |TAMS 0x0000000086600000, 0x0000000086500000| Complete 
| 102|0x0000000086600000, 0x0000000086700000, 0x0000000086700000|100%|HC|  |TAMS 0x0000000086700000, 0x0000000086600000| Complete 
| 103|0x0000000086700000, 0x0000000086800000, 0x0000000086800000|100%|HS|  |TAMS 0x0000000086800000, 0x0000000086700000| Complete 
| 104|0x0000000086800000, 0x0000000086900000, 0x0000000086900000|100%|HS|  |TAMS 0x0000000086900000, 0x0000000086800000| Complete 
| 105|0x0000000086900000, 0x0000000086a00000, 0x0000000086a00000|100%|HC|  |TAMS 0x0000000086a00000, 0x0000000086900000| Complete 
| 106|0x0000000086a00000, 0x0000000086b00000, 0x0000000086b00000|100%|HC|  |TAMS 0x0000000086b00000, 0x0000000086a00000| Complete 
| 107|0x0000000086b00000, 0x0000000086c00000, 0x0000000086c00000|100%|HC|  |TAMS 0x0000000086c00000, 0x0000000086b00000| Complete 
| 108|0x0000000086c00000, 0x0000000086d00000, 0x0000000086d00000|100%| O|  |TAMS 0x0000000086d00000, 0x0000000086c00000| Untracked 
| 109|0x0000000086d00000, 0x0000000086e00000, 0x0000000086e00000|100%| O|  |TAMS 0x0000000086e00000, 0x0000000086d00000| Untracked 
| 110|0x0000000086e00000, 0x0000000086f00000, 0x0000000086f00000|100%| O|  |TAMS 0x0000000086f00000, 0x0000000086e00000| Untracked 
| 111|0x0000000086f00000, 0x0000000087000000, 0x0000000087000000|100%| O|  |TAMS 0x0000000086f00000, 0x0000000086f00000| Untracked 
| 112|0x0000000087000000, 0x0000000087100000, 0x0000000087100000|100%| O|  |TAMS 0x0000000087100000, 0x0000000087000000| Untracked 
| 113|0x0000000087100000, 0x0000000087200000, 0x0000000087200000|100%| O|  |TAMS 0x0000000087200000, 0x0000000087100000| Untracked 
| 114|0x0000000087200000, 0x0000000087300000, 0x0000000087300000|100%| O|  |TAMS 0x0000000087300000, 0x0000000087200000| Untracked 
| 115|0x0000000087300000, 0x0000000087400000, 0x0000000087400000|100%| O|  |TAMS 0x0000000087400000, 0x0000000087300000| Untracked 
| 116|0x0000000087400000, 0x0000000087500000, 0x0000000087500000|100%| O|  |TAMS 0x0000000087500000, 0x0000000087400000| Untracked 
| 117|0x0000000087500000, 0x0000000087600000, 0x0000000087600000|100%| O|  |TAMS 0x0000000087600000, 0x0000000087500000| Untracked 
| 118|0x0000000087600000, 0x0000000087700000, 0x0000000087700000|100%| O|  |TAMS 0x0000000087700000, 0x0000000087600000| Untracked 
| 119|0x0000000087700000, 0x0000000087800000, 0x0000000087800000|100%| O|  |TAMS 0x0000000087800000, 0x0000000087700000| Untracked 
| 120|0x0000000087800000, 0x0000000087900000, 0x0000000087900000|100%| O|  |TAMS 0x0000000087900000, 0x0000000087800000| Untracked 
| 121|0x0000000087900000, 0x0000000087a00000, 0x0000000087a00000|100%| O|  |TAMS 0x0000000087a00000, 0x0000000087900000| Untracked 
| 122|0x0000000087a00000, 0x0000000087b00000, 0x0000000087b00000|100%| O|  |TAMS 0x0000000087b00000, 0x0000000087a00000| Untracked 
| 123|0x0000000087b00000, 0x0000000087c00000, 0x0000000087c00000|100%| O|  |TAMS 0x0000000087c00000, 0x0000000087b00000| Untracked 
| 124|0x0000000087c00000, 0x0000000087d00000, 0x0000000087d00000|100%| O|  |TAMS 0x0000000087d00000, 0x0000000087c00000| Untracked 
| 125|0x0000000087d00000, 0x0000000087e00000, 0x0000000087e00000|100%| O|  |TAMS 0x0000000087e00000, 0x0000000087d00000| Untracked 
| 126|0x0000000087e00000, 0x0000000087f00000, 0x0000000087f00000|100%| O|  |TAMS 0x0000000087f00000, 0x0000000087e00000| Untracked 
| 127|0x0000000087f00000, 0x0000000088000000, 0x0000000088000000|100%| O|  |TAMS 0x0000000088000000, 0x0000000087f00000| Untracked 
| 128|0x0000000088000000, 0x0000000088100000, 0x0000000088100000|100%| O|  |TAMS 0x0000000088000000, 0x0000000088000000| Untracked 
| 129|0x0000000088100000, 0x0000000088200000, 0x0000000088200000|100%| O|  |TAMS 0x0000000088200000, 0x0000000088100000| Untracked 
| 130|0x0000000088200000, 0x0000000088300000, 0x0000000088300000|100%| O|  |TAMS 0x0000000088200000, 0x0000000088200000| Untracked 
| 131|0x0000000088300000, 0x0000000088400000, 0x0000000088400000|100%| O|  |TAMS 0x0000000088400000, 0x0000000088300000| Untracked 
| 132|0x0000000088400000, 0x0000000088500000, 0x0000000088500000|100%| O|  |TAMS 0x0000000088500000, 0x0000000088400000| Untracked 
| 133|0x0000000088500000, 0x0000000088600000, 0x0000000088600000|100%| O|  |TAMS 0x0000000088600000, 0x0000000088500000| Untracked 
| 134|0x0000000088600000, 0x0000000088700000, 0x0000000088700000|100%| O|  |TAMS 0x0000000088700000, 0x0000000088600000| Untracked 
| 135|0x0000000088700000, 0x0000000088800000, 0x0000000088800000|100%| O|  |TAMS 0x0000000088700000, 0x0000000088700000| Untracked 
| 136|0x0000000088800000, 0x0000000088900000, 0x0000000088900000|100%| O|  |TAMS 0x0000000088900000, 0x0000000088800000| Untracked 
| 137|0x0000000088900000, 0x0000000088a00000, 0x0000000088a00000|100%| O|  |TAMS 0x0000000088a00000, 0x0000000088900000| Untracked 
| 138|0x0000000088a00000, 0x0000000088b00000, 0x0000000088b00000|100%| O|  |TAMS 0x0000000088b00000, 0x0000000088a00000| Untracked 
| 139|0x0000000088b00000, 0x0000000088c00000, 0x0000000088c00000|100%| O|  |TAMS 0x0000000088c00000, 0x0000000088b00000| Untracked 
| 140|0x0000000088c00000, 0x0000000088d00000, 0x0000000088d00000|100%| O|  |TAMS 0x0000000088d00000, 0x0000000088c00000| Untracked 
| 141|0x0000000088d00000, 0x0000000088e00000, 0x0000000088e00000|100%| O|  |TAMS 0x0000000088e00000, 0x0000000088d00000| Untracked 
| 142|0x0000000088e00000, 0x0000000088f00000, 0x0000000088f00000|100%| O|  |TAMS 0x0000000088f00000, 0x0000000088e00000| Untracked 
| 143|0x0000000088f00000, 0x0000000089000000, 0x0000000089000000|100%| O|  |TAMS 0x0000000089000000, 0x0000000088f00000| Untracked 
| 144|0x0000000089000000, 0x0000000089100000, 0x0000000089100000|100%| O|  |TAMS 0x0000000089100000, 0x0000000089000000| Untracked 
| 145|0x0000000089100000, 0x0000000089200000, 0x0000000089200000|100%| O|  |TAMS 0x0000000089200000, 0x0000000089100000| Untracked 
| 146|0x0000000089200000, 0x0000000089300000, 0x0000000089300000|100%| O|  |TAMS 0x0000000089200000, 0x0000000089200000| Untracked 
| 147|0x0000000089300000, 0x0000000089400000, 0x0000000089400000|100%| O|  |TAMS 0x0000000089300000, 0x0000000089300000| Untracked 
| 148|0x0000000089400000, 0x0000000089500000, 0x0000000089500000|100%| O|  |TAMS 0x0000000089500000, 0x0000000089400000| Untracked 
| 149|0x0000000089500000, 0x0000000089600000, 0x0000000089600000|100%| O|  |TAMS 0x0000000089600000, 0x0000000089500000| Untracked 
| 150|0x0000000089600000, 0x0000000089700000, 0x0000000089700000|100%| O|  |TAMS 0x0000000089600000, 0x0000000089600000| Untracked 
| 151|0x0000000089700000, 0x0000000089800000, 0x0000000089800000|100%| O|  |TAMS 0x0000000089700000, 0x0000000089700000| Untracked 
| 152|0x0000000089800000, 0x0000000089900000, 0x0000000089900000|100%| O|  |TAMS 0x0000000089800000, 0x0000000089800000| Untracked 
| 153|0x0000000089900000, 0x0000000089a00000, 0x0000000089a00000|100%| O|  |TAMS 0x0000000089900000, 0x0000000089900000| Untracked 
| 154|0x0000000089a00000, 0x0000000089b00000, 0x0000000089b00000|100%| O|  |TAMS 0x0000000089a00000, 0x0000000089a00000| Untracked 
| 155|0x0000000089b00000, 0x0000000089c00000, 0x0000000089c00000|100%| O|  |TAMS 0x0000000089c00000, 0x0000000089b00000| Untracked 
| 156|0x0000000089c00000, 0x0000000089d00000, 0x0000000089d00000|100%| O|  |TAMS 0x0000000089d00000, 0x0000000089c00000| Untracked 
| 157|0x0000000089d00000, 0x0000000089e00000, 0x0000000089e00000|100%| O|  |TAMS 0x0000000089e00000, 0x0000000089d00000| Untracked 
| 158|0x0000000089e00000, 0x0000000089f00000, 0x0000000089f00000|100%| O|  |TAMS 0x0000000089f00000, 0x0000000089e00000| Untracked 
| 159|0x0000000089f00000, 0x000000008a000000, 0x000000008a000000|100%| O|  |TAMS 0x0000000089f55e00, 0x0000000089f00000| Untracked 
| 160|0x000000008a000000, 0x000000008a100000, 0x000000008a100000|100%| O|  |TAMS 0x000000008a000000, 0x000000008a000000| Untracked 
| 161|0x000000008a100000, 0x000000008a200000, 0x000000008a200000|100%| O|  |TAMS 0x000000008a100000, 0x000000008a100000| Untracked 
| 162|0x000000008a200000, 0x000000008a300000, 0x000000008a300000|100%| O|  |TAMS 0x000000008a200000, 0x000000008a200000| Untracked 
| 163|0x000000008a300000, 0x000000008a400000, 0x000000008a400000|100%| O|  |TAMS 0x000000008a300000, 0x000000008a300000| Untracked 
| 164|0x000000008a400000, 0x000000008a500000, 0x000000008a500000|100%| O|  |TAMS 0x000000008a400000, 0x000000008a400000| Untracked 
| 165|0x000000008a500000, 0x000000008a600000, 0x000000008a600000|100%| O|  |TAMS 0x000000008a500000, 0x000000008a500000| Untracked 
| 166|0x000000008a600000, 0x000000008a700000, 0x000000008a700000|100%| O|  |TAMS 0x000000008a600000, 0x000000008a600000| Untracked 
| 167|0x000000008a700000, 0x000000008a800000, 0x000000008a800000|100%| O|  |TAMS 0x000000008a700000, 0x000000008a700000| Untracked 
| 168|0x000000008a800000, 0x000000008a900000, 0x000000008a900000|100%| O|  |TAMS 0x000000008a800000, 0x000000008a800000| Untracked 
| 169|0x000000008a900000, 0x000000008aa00000, 0x000000008aa00000|100%| O|  |TAMS 0x000000008a900000, 0x000000008a900000| Untracked 
| 170|0x000000008aa00000, 0x000000008ab00000, 0x000000008ab00000|100%| O|  |TAMS 0x000000008aa00000, 0x000000008aa00000| Untracked 
| 171|0x000000008ab00000, 0x000000008ac00000, 0x000000008ac00000|100%| O|  |TAMS 0x000000008ab00000, 0x000000008ab00000| Untracked 
| 172|0x000000008ac00000, 0x000000008ad00000, 0x000000008ad00000|100%| O|  |TAMS 0x000000008ac00000, 0x000000008ac00000| Untracked 
| 173|0x000000008ad00000, 0x000000008ae00000, 0x000000008ae00000|100%| O|  |TAMS 0x000000008ad00000, 0x000000008ad00000| Untracked 
| 174|0x000000008ae00000, 0x000000008af00000, 0x000000008af00000|100%| O|  |TAMS 0x000000008ae00000, 0x000000008ae00000| Untracked 
| 175|0x000000008af00000, 0x000000008af89600, 0x000000008b000000| 53%| O|  |TAMS 0x000000008af00000, 0x000000008af00000| Untracked 
| 176|0x000000008b000000, 0x000000008b100000, 0x000000008b100000|100%| O|  |TAMS 0x000000008b100000, 0x000000008b000000| Untracked 
| 177|0x000000008b100000, 0x000000008b100000, 0x000000008b200000|  0%| F|  |TAMS 0x000000008b100000, 0x000000008b100000| Untracked 
| 178|0x000000008b200000, 0x000000008b200000, 0x000000008b300000|  0%| F|  |TAMS 0x000000008b200000, 0x000000008b200000| Untracked 
| 179|0x000000008b300000, 0x000000008b300000, 0x000000008b400000|  0%| F|  |TAMS 0x000000008b300000, 0x000000008b300000| Untracked 
| 180|0x000000008b400000, 0x000000008b400000, 0x000000008b500000|  0%| F|  |TAMS 0x000000008b400000, 0x000000008b400000| Untracked 
| 181|0x000000008b500000, 0x000000008b500000, 0x000000008b600000|  0%| F|  |TAMS 0x000000008b500000, 0x000000008b500000| Untracked 
| 182|0x000000008b600000, 0x000000008b600000, 0x000000008b700000|  0%| F|  |TAMS 0x000000008b600000, 0x000000008b600000| Untracked 
| 183|0x000000008b700000, 0x000000008b700000, 0x000000008b800000|  0%| F|  |TAMS 0x000000008b700000, 0x000000008b700000| Untracked 
| 184|0x000000008b800000, 0x000000008b800000, 0x000000008b900000|  0%| F|  |TAMS 0x000000008b800000, 0x000000008b800000| Untracked 
| 185|0x000000008b900000, 0x000000008b900000, 0x000000008ba00000|  0%| F|  |TAMS 0x000000008b900000, 0x000000008b900000| Untracked 
| 186|0x000000008ba00000, 0x000000008ba00000, 0x000000008bb00000|  0%| F|  |TAMS 0x000000008ba00000, 0x000000008ba00000| Untracked 
| 187|0x000000008bb00000, 0x000000008bb00000, 0x000000008bc00000|  0%| F|  |TAMS 0x000000008bb00000, 0x000000008bb00000| Untracked 
| 188|0x000000008bc00000, 0x000000008bc00000, 0x000000008bd00000|  0%| F|  |TAMS 0x000000008bc00000, 0x000000008bc00000| Untracked 
| 189|0x000000008bd00000, 0x000000008bd00000, 0x000000008be00000|  0%| F|  |TAMS 0x000000008bd00000, 0x000000008bd00000| Untracked 
| 190|0x000000008be00000, 0x000000008be00000, 0x000000008bf00000|  0%| F|  |TAMS 0x000000008be00000, 0x000000008be00000| Untracked 
| 191|0x000000008bf00000, 0x000000008bf00000, 0x000000008c000000|  0%| F|  |TAMS 0x000000008bf00000, 0x000000008bf00000| Untracked 
| 192|0x000000008c000000, 0x000000008c000000, 0x000000008c100000|  0%| F|  |TAMS 0x000000008c000000, 0x000000008c000000| Untracked 
| 193|0x000000008c100000, 0x000000008c100000, 0x000000008c200000|  0%| F|  |TAMS 0x000000008c100000, 0x000000008c100000| Untracked 
| 194|0x000000008c200000, 0x000000008c200000, 0x000000008c300000|  0%| F|  |TAMS 0x000000008c200000, 0x000000008c200000| Untracked 
| 195|0x000000008c300000, 0x000000008c300000, 0x000000008c400000|  0%| F|  |TAMS 0x000000008c300000, 0x000000008c300000| Untracked 
| 196|0x000000008c400000, 0x000000008c400000, 0x000000008c500000|  0%| F|  |TAMS 0x000000008c400000, 0x000000008c400000| Untracked 
| 197|0x000000008c500000, 0x000000008c500000, 0x000000008c600000|  0%| F|  |TAMS 0x000000008c500000, 0x000000008c500000| Untracked 
| 198|0x000000008c600000, 0x000000008c600000, 0x000000008c700000|  0%| F|  |TAMS 0x000000008c600000, 0x000000008c600000| Untracked 
| 199|0x000000008c700000, 0x000000008c700000, 0x000000008c800000|  0%| F|  |TAMS 0x000000008c700000, 0x000000008c700000| Untracked 
| 200|0x000000008c800000, 0x000000008c800000, 0x000000008c900000|  0%| F|  |TAMS 0x000000008c800000, 0x000000008c800000| Untracked 
| 201|0x000000008c900000, 0x000000008c900000, 0x000000008ca00000|  0%| F|  |TAMS 0x000000008c900000, 0x000000008c900000| Untracked 
| 202|0x000000008ca00000, 0x000000008ca00000, 0x000000008cb00000|  0%| F|  |TAMS 0x000000008ca00000, 0x000000008ca00000| Untracked 
| 203|0x000000008cb00000, 0x000000008cb00000, 0x000000008cc00000|  0%| F|  |TAMS 0x000000008cb00000, 0x000000008cb00000| Untracked 
| 204|0x000000008cc00000, 0x000000008cc00000, 0x000000008cd00000|  0%| F|  |TAMS 0x000000008cc00000, 0x000000008cc00000| Untracked 
| 205|0x000000008cd00000, 0x000000008cd00000, 0x000000008ce00000|  0%| F|  |TAMS 0x000000008cd00000, 0x000000008cd00000| Untracked 
| 206|0x000000008ce00000, 0x000000008ce00000, 0x000000008cf00000|  0%| F|  |TAMS 0x000000008ce00000, 0x000000008ce00000| Untracked 
| 207|0x000000008cf00000, 0x000000008cf00000, 0x000000008d000000|  0%| F|  |TAMS 0x000000008cf00000, 0x000000008cf00000| Untracked 
| 208|0x000000008d000000, 0x000000008d020560, 0x000000008d100000| 12%| S|CS|TAMS 0x000000008d000000, 0x000000008d000000| Complete 
| 209|0x000000008d100000, 0x000000008d100000, 0x000000008d200000|  0%| F|  |TAMS 0x000000008d100000, 0x000000008d100000| Untracked 
| 210|0x000000008d200000, 0x000000008d300000, 0x000000008d300000|100%| S|CS|TAMS 0x000000008d200000, 0x000000008d200000| Complete 
| 211|0x000000008d300000, 0x000000008d300000, 0x000000008d400000|  0%| F|  |TAMS 0x000000008d300000, 0x000000008d300000| Untracked 
| 212|0x000000008d400000, 0x000000008d400000, 0x000000008d500000|  0%| F|  |TAMS 0x000000008d400000, 0x000000008d400000| Untracked 
| 213|0x000000008d500000, 0x000000008d600000, 0x000000008d600000|100%| S|CS|TAMS 0x000000008d500000, 0x000000008d500000| Complete 
| 214|0x000000008d600000, 0x000000008d700000, 0x000000008d700000|100%| S|CS|TAMS 0x000000008d600000, 0x000000008d600000| Complete 
| 215|0x000000008d700000, 0x000000008d700000, 0x000000008d800000|  0%| F|  |TAMS 0x000000008d700000, 0x000000008d700000| Untracked 
| 216|0x000000008d800000, 0x000000008d800000, 0x000000008d900000|  0%| F|  |TAMS 0x000000008d800000, 0x000000008d800000| Untracked 
| 217|0x000000008d900000, 0x000000008d900000, 0x000000008da00000|  0%| F|  |TAMS 0x000000008d900000, 0x000000008d900000| Untracked 
| 218|0x000000008da00000, 0x000000008da00000, 0x000000008db00000|  0%| F|  |TAMS 0x000000008da00000, 0x000000008da00000| Untracked 
| 219|0x000000008db00000, 0x000000008db00000, 0x000000008dc00000|  0%| F|  |TAMS 0x000000008db00000, 0x000000008db00000| Untracked 
| 220|0x000000008dc00000, 0x000000008dc00000, 0x000000008dd00000|  0%| F|  |TAMS 0x000000008dc00000, 0x000000008dc00000| Untracked 
| 221|0x000000008dd00000, 0x000000008dd00000, 0x000000008de00000|  0%| F|  |TAMS 0x000000008dd00000, 0x000000008dd00000| Untracked 
| 222|0x000000008de00000, 0x000000008de00000, 0x000000008df00000|  0%| F|  |TAMS 0x000000008de00000, 0x000000008de00000| Untracked 
| 223|0x000000008df00000, 0x000000008df00000, 0x000000008e000000|  0%| F|  |TAMS 0x000000008df00000, 0x000000008df00000| Untracked 
| 224|0x000000008e000000, 0x000000008e000000, 0x000000008e100000|  0%| F|  |TAMS 0x000000008e000000, 0x000000008e000000| Untracked 
| 225|0x000000008e100000, 0x000000008e100000, 0x000000008e200000|  0%| F|  |TAMS 0x000000008e100000, 0x000000008e100000| Untracked 
| 226|0x000000008e200000, 0x000000008e200000, 0x000000008e300000|  0%| F|  |TAMS 0x000000008e200000, 0x000000008e200000| Untracked 
| 227|0x000000008e300000, 0x000000008e300000, 0x000000008e400000|  0%| F|  |TAMS 0x000000008e300000, 0x000000008e300000| Untracked 
| 228|0x000000008e400000, 0x000000008e500000, 0x000000008e500000|100%| E|  |TAMS 0x000000008e400000, 0x000000008e400000| Complete 
| 229|0x000000008e500000, 0x000000008e600000, 0x000000008e600000|100%| E|CS|TAMS 0x000000008e500000, 0x000000008e500000| Complete 
| 230|0x000000008e600000, 0x000000008e700000, 0x000000008e700000|100%| E|CS|TAMS 0x000000008e600000, 0x000000008e600000| Complete 
| 231|0x000000008e700000, 0x000000008e800000, 0x000000008e800000|100%| E|CS|TAMS 0x000000008e700000, 0x000000008e700000| Complete 
| 232|0x000000008e800000, 0x000000008e900000, 0x000000008e900000|100%| E|CS|TAMS 0x000000008e800000, 0x000000008e800000| Complete 
| 233|0x000000008e900000, 0x000000008ea00000, 0x000000008ea00000|100%| E|CS|TAMS 0x000000008e900000, 0x000000008e900000| Complete 
| 234|0x000000008ea00000, 0x000000008eb00000, 0x000000008eb00000|100%| E|CS|TAMS 0x000000008ea00000, 0x000000008ea00000| Complete 
| 235|0x000000008eb00000, 0x000000008ec00000, 0x000000008ec00000|100%| E|CS|TAMS 0x000000008eb00000, 0x000000008eb00000| Complete 
| 236|0x000000008ec00000, 0x000000008ed00000, 0x000000008ed00000|100%| E|CS|TAMS 0x000000008ec00000, 0x000000008ec00000| Complete 
| 237|0x000000008ed00000, 0x000000008ee00000, 0x000000008ee00000|100%| E|CS|TAMS 0x000000008ed00000, 0x000000008ed00000| Complete 
| 238|0x000000008ee00000, 0x000000008ef00000, 0x000000008ef00000|100%| E|CS|TAMS 0x000000008ee00000, 0x000000008ee00000| Complete 
| 239|0x000000008ef00000, 0x000000008f000000, 0x000000008f000000|100%| E|CS|TAMS 0x000000008ef00000, 0x000000008ef00000| Complete 
| 240|0x000000008f000000, 0x000000008f100000, 0x000000008f100000|100%| E|CS|TAMS 0x000000008f000000, 0x000000008f000000| Complete 
| 241|0x000000008f100000, 0x000000008f200000, 0x000000008f200000|100%| E|CS|TAMS 0x000000008f100000, 0x000000008f100000| Complete 
| 242|0x000000008f200000, 0x000000008f300000, 0x000000008f300000|100%| E|CS|TAMS 0x000000008f200000, 0x000000008f200000| Complete 
| 243|0x000000008f300000, 0x000000008f400000, 0x000000008f400000|100%| E|CS|TAMS 0x000000008f300000, 0x000000008f300000| Complete 
| 244|0x000000008f400000, 0x000000008f500000, 0x000000008f500000|100%| E|CS|TAMS 0x000000008f400000, 0x000000008f400000| Complete 
| 245|0x000000008f500000, 0x000000008f600000, 0x000000008f600000|100%| E|CS|TAMS 0x000000008f500000, 0x000000008f500000| Complete 
| 246|0x000000008f600000, 0x000000008f700000, 0x000000008f700000|100%| E|CS|TAMS 0x000000008f600000, 0x000000008f600000| Complete 
| 247|0x000000008f700000, 0x000000008f800000, 0x000000008f800000|100%| E|CS|TAMS 0x000000008f700000, 0x000000008f700000| Complete 
| 248|0x000000008f800000, 0x000000008f900000, 0x000000008f900000|100%| E|CS|TAMS 0x000000008f800000, 0x000000008f800000| Complete 
| 249|0x000000008f900000, 0x000000008fa00000, 0x000000008fa00000|100%| E|CS|TAMS 0x000000008f900000, 0x000000008f900000| Complete 
| 250|0x000000008fa00000, 0x000000008fb00000, 0x000000008fb00000|100%| E|CS|TAMS 0x000000008fa00000, 0x000000008fa00000| Complete 
| 251|0x000000008fb00000, 0x000000008fc00000, 0x000000008fc00000|100%| E|CS|TAMS 0x000000008fb00000, 0x000000008fb00000| Complete 
| 252|0x000000008fc00000, 0x000000008fd00000, 0x000000008fd00000|100%| E|CS|TAMS 0x000000008fc00000, 0x000000008fc00000| Complete 
| 253|0x000000008fd00000, 0x000000008fe00000, 0x000000008fe00000|100%| E|CS|TAMS 0x000000008fd00000, 0x000000008fd00000| Complete 
| 254|0x000000008fe00000, 0x000000008ff00000, 0x000000008ff00000|100%| E|CS|TAMS 0x000000008fe00000, 0x000000008fe00000| Complete 
| 255|0x000000008ff00000, 0x0000000090000000, 0x0000000090000000|100%| E|CS|TAMS 0x000000008ff00000, 0x000000008ff00000| Complete 
| 256|0x0000000090000000, 0x0000000090100000, 0x0000000090100000|100%| E|CS|TAMS 0x0000000090000000, 0x0000000090000000| Complete 
| 257|0x0000000090100000, 0x0000000090200000, 0x0000000090200000|100%| E|CS|TAMS 0x0000000090100000, 0x0000000090100000| Complete 
| 258|0x0000000090200000, 0x0000000090300000, 0x0000000090300000|100%| E|CS|TAMS 0x0000000090200000, 0x0000000090200000| Complete 
| 259|0x0000000090300000, 0x0000000090400000, 0x0000000090400000|100%| E|CS|TAMS 0x0000000090300000, 0x0000000090300000| Complete 
| 260|0x0000000090400000, 0x0000000090500000, 0x0000000090500000|100%| E|CS|TAMS 0x0000000090400000, 0x0000000090400000| Complete 
| 261|0x0000000090500000, 0x0000000090600000, 0x0000000090600000|100%| E|CS|TAMS 0x0000000090500000, 0x0000000090500000| Complete 
| 262|0x0000000090600000, 0x0000000090700000, 0x0000000090700000|100%| E|CS|TAMS 0x0000000090600000, 0x0000000090600000| Complete 
| 263|0x0000000090700000, 0x0000000090800000, 0x0000000090800000|100%| E|CS|TAMS 0x0000000090700000, 0x0000000090700000| Complete 
| 264|0x0000000090800000, 0x0000000090900000, 0x0000000090900000|100%| E|CS|TAMS 0x0000000090800000, 0x0000000090800000| Complete 
| 265|0x0000000090900000, 0x0000000090a00000, 0x0000000090a00000|100%| E|CS|TAMS 0x0000000090900000, 0x0000000090900000| Complete 
| 266|0x0000000090a00000, 0x0000000090b00000, 0x0000000090b00000|100%| E|CS|TAMS 0x0000000090a00000, 0x0000000090a00000| Complete 

Card table byte_map: [0x000001c513480000,0x000001c513880000] _byte_map_base: 0x000001c513080000

Marking Bits (Prev, Next): (CMBitMap*) 0x000001c57d019010, (CMBitMap*) 0x000001c57d018fd8
 Prev Bits: [0x000001c515c80000, 0x000001c517c80000)
 Next Bits: [0x000001c513c80000, 0x000001c515c80000)

Polling page: 0x000001c500000000

Metaspace:

Usage:
  Non-class:    128.97 MB capacity,   126.72 MB ( 98%) used,     1.81 MB (  1%) free+waste,   453.13 KB ( <1%) overhead. 
      Class:     19.03 MB capacity,    17.71 MB ( 93%) used,     1.13 MB (  6%) free+waste,   197.56 KB (  1%) overhead. 
       Both:    148.00 MB capacity,   144.42 MB ( 98%) used,     2.94 MB (  2%) free+waste,   650.69 KB ( <1%) overhead. 

Virtual space:
  Non-class space:      130.00 MB reserved,     129.00 MB (>99%) committed 
      Class space:        1.00 GB reserved,      19.07 MB (  2%) committed 
             Both:        1.13 GB reserved,     148.07 MB ( 13%) committed 

Chunk freelists:
   Non-Class:  29.00 KB
       Class:  6.00 KB
        Both:  35.00 KB

MaxMetaspaceSize: 17179869184.00 GB
CompressedClassSpaceSize: 1.00 GB
Initial GC threshold: 20.80 MB
Current GC threshold: 220.33 MB
CDS: off

CodeHeap 'non-profiled nmethods': size=120064Kb used=13609Kb max_used=13938Kb free=106454Kb
 bounds [0x000001c50b510000, 0x000001c50c2e0000, 0x000001c512a50000]
CodeHeap 'profiled nmethods': size=120000Kb used=50850Kb max_used=53144Kb free=69149Kb
 bounds [0x000001c503fe0000, 0x000001c5073e0000, 0x000001c50b510000]
CodeHeap 'non-nmethods': size=5696Kb used=2492Kb max_used=2551Kb free=3203Kb
 bounds [0x000001c503a50000, 0x000001c503ce0000, 0x000001c503fe0000]
 total_blobs=22145 nmethods=21120 adapters=936
 compilation: enabled
              stopped_count=0, restarted_count=0
 full_count=0

Compilation events (20 events):
Event: 300.875 Thread 0x000001c51aebd800 nmethod 23898% 0x000001c50b99d310 code [0x000001c50b99dee0, 0x000001c50b9a7c40]
Event: 300.876 Thread 0x000001c51aebd800 23927       4       com.android.tools.r8.graph.d1::a (258 bytes)
Event: 300.885 Thread 0x000001c51aebd800 nmethod 23927 0x000001c50bb70190 code [0x000001c50bb70320, 0x000001c50bb70618]
Event: 300.885 Thread 0x000001c51aebd800 23925       4       com.android.tools.r8.ir.regalloc.b::c (3963 bytes)
Event: 301.186 Thread 0x000001c51aec1000 23963       1       com.android.tools.r8.internal.W2::j2 (3 bytes)
Event: 301.186 Thread 0x000001c51aec1000 nmethod 23963 0x000001c50bbd9690 code [0x000001c50bbd9840, 0x000001c50bbd98f8]
Event: 301.191 Thread 0x000001c51aec1000 23964       2       com.android.tools.r8.internal.fX$$Lambda$1703/0x0000000101281440::get$Lambda (9 bytes)
Event: 301.192 Thread 0x000001c51aec1000 nmethod 23964 0x000001c504447690 code [0x000001c504447840, 0x000001c5044479b8]
Event: 301.242 Thread 0x000001c51aec1000 23968       2       com.android.tools.r8.graph.K2::a (28 bytes)
Event: 301.242 Thread 0x000001c51aec1000 nmethod 23968 0x000001c5044a8490 code [0x000001c5044a8660, 0x000001c5044a87d8]
Event: 301.242 Thread 0x000001c51aec1000 23969       2       com.android.tools.r8.graph.K2::a (44 bytes)
Event: 301.242 Thread 0x000001c51aec1000 nmethod 23969 0x000001c5041f0210 code [0x000001c5041f03c0, 0x000001c5041f0598]
Event: 301.326 Thread 0x000001c51aec1000 23970 %     3       com.android.tools.r8.internal.l4::a @ 35 (219 bytes)
Event: 301.327 Thread 0x000001c51aec1000 nmethod 23970% 0x000001c504397a90 code [0x000001c504397d40, 0x000001c504398bd8]
Event: 301.327 Thread 0x000001c51aec1000 23971       2       com.android.tools.r8.internal.Zc::b (32 bytes)
Event: 301.328 Thread 0x000001c51aec1000 nmethod 23971 0x000001c5044f6810 code [0x000001c5044f69c0, 0x000001c5044f6b68]
Event: 301.328 Thread 0x000001c51aec1000 23972       1       com.android.tools.r8.internal.yV::e2 (2 bytes)
Event: 301.328 Thread 0x000001c51aec1000 nmethod 23972 0x000001c50bbd9390 code [0x000001c50bbd9540, 0x000001c50bbd95f8]
Event: 301.510 Thread 0x000001c51aec1000 23977       2       com.android.tools.r8.graph.i::a (32 bytes)
Event: 301.511 Thread 0x000001c51aec1000 nmethod 23977 0x000001c5045b0390 code [0x000001c5045b0580, 0x000001c5045b0788]

GC Heap History (20 events):
Event: 282.742 GC heap before
{Heap before GC invocations=116 (full 0):
 garbage-first heap   total 273408K, used 225909K [0x0000000080000000, 0x0000000100000000)
  region size 1024K, 53 young (54272K), 8 survivors (8192K)
 Metaspace       used 145242K, capacity 148722K, committed 148940K, reserved 1179648K
  class space    used 17856K, capacity 19116K, committed 19148K, reserved 1048576K
}
Event: 282.784 GC heap after
{Heap after GC invocations=117 (full 0):
 garbage-first heap   total 273408K, used 182175K [0x0000000080000000, 0x0000000100000000)
  region size 1024K, 2 young (2048K), 2 survivors (2048K)
 Metaspace       used 145242K, capacity 148722K, committed 148940K, reserved 1179648K
  class space    used 17856K, capacity 19116K, committed 19148K, reserved 1048576K
}
Event: 283.660 GC heap before
{Heap before GC invocations=117 (full 0):
 garbage-first heap   total 273408K, used 228255K [0x0000000080000000, 0x0000000100000000)
  region size 1024K, 47 young (48128K), 2 survivors (2048K)
 Metaspace       used 145516K, capacity 148979K, committed 149324K, reserved 1179648K
  class space    used 17875K, capacity 19156K, committed 19276K, reserved 1048576K
}
Event: 283.671 GC heap after
{Heap after GC invocations=118 (full 0):
 garbage-first heap   total 273408K, used 182058K [0x0000000080000000, 0x0000000100000000)
  region size 1024K, 2 young (2048K), 2 survivors (2048K)
 Metaspace       used 145516K, capacity 148979K, committed 149324K, reserved 1179648K
  class space    used 17875K, capacity 19156K, committed 19276K, reserved 1048576K
}
Event: 284.689 GC heap before
{Heap before GC invocations=118 (full 0):
 garbage-first heap   total 273408K, used 230186K [0x0000000080000000, 0x0000000100000000)
  region size 1024K, 49 young (50176K), 2 survivors (2048K)
 Metaspace       used 145880K, capacity 149355K, committed 149580K, reserved 1179648K
  class space    used 17889K, capacity 19168K, committed 19276K, reserved 1048576K
}
Event: 284.697 GC heap after
{Heap after GC invocations=119 (full 0):
 garbage-first heap   total 273408K, used 182252K [0x0000000080000000, 0x0000000100000000)
  region size 1024K, 2 young (2048K), 2 survivors (2048K)
 Metaspace       used 145880K, capacity 149355K, committed 149580K, reserved 1179648K
  class space    used 17889K, capacity 19168K, committed 19276K, reserved 1048576K
}
Event: 285.591 GC heap before
{Heap before GC invocations=119 (full 0):
 garbage-first heap   total 273408K, used 231404K [0x0000000080000000, 0x0000000100000000)
  region size 1024K, 50 young (51200K), 2 survivors (2048K)
 Metaspace       used 147285K, capacity 150874K, committed 150988K, reserved 1181696K
  class space    used 18062K, capacity 19395K, committed 19404K, reserved 1048576K
}
Event: 285.604 GC heap after
{Heap after GC invocations=120 (full 0):
 garbage-first heap   total 273408K, used 183759K [0x0000000080000000, 0x0000000100000000)
  region size 1024K, 3 young (3072K), 3 survivors (3072K)
 Metaspace       used 147285K, capacity 150874K, committed 150988K, reserved 1181696K
  class space    used 18062K, capacity 19395K, committed 19404K, reserved 1048576K
}
Event: 286.983 GC heap before
{Heap before GC invocations=120 (full 0):
 garbage-first heap   total 273408K, used 233935K [0x0000000080000000, 0x0000000100000000)
  region size 1024K, 52 young (53248K), 3 survivors (3072K)
 Metaspace       used 147694K, capacity 151326K, committed 151628K, reserved 1181696K
  class space    used 18115K, capacity 19477K, committed 19532K, reserved 1048576K
}
Event: 286.994 GC heap after
{Heap after GC invocations=121 (full 0):
 garbage-first heap   total 273408K, used 182711K [0x0000000080000000, 0x0000000100000000)
  region size 1024K, 2 young (2048K), 2 survivors (2048K)
 Metaspace       used 147694K, capacity 151326K, committed 151628K, reserved 1181696K
  class space    used 18115K, capacity 19477K, committed 19532K, reserved 1048576K
}
Event: 288.703 GC heap before
{Heap before GC invocations=121 (full 0):
 garbage-first heap   total 273408K, used 233911K [0x0000000080000000, 0x0000000100000000)
  region size 1024K, 52 young (53248K), 2 survivors (2048K)
 Metaspace       used 147768K, capacity 151346K, committed 151628K, reserved 1181696K
  class space    used 18118K, capacity 19481K, committed 19532K, reserved 1048576K
}
Event: 288.717 GC heap after
{Heap after GC invocations=122 (full 0):
 garbage-first heap   total 273408K, used 182816K [0x0000000080000000, 0x0000000100000000)
  region size 1024K, 2 young (2048K), 2 survivors (2048K)
 Metaspace       used 147768K, capacity 151346K, committed 151628K, reserved 1181696K
  class space    used 18118K, capacity 19481K, committed 19532K, reserved 1048576K
}
Event: 291.886 GC heap before
{Heap before GC invocations=122 (full 0):
 garbage-first heap   total 273408K, used 235040K [0x0000000080000000, 0x0000000100000000)
  region size 1024K, 53 young (54272K), 2 survivors (2048K)
 Metaspace       used 147796K, capacity 151412K, committed 151628K, reserved 1181696K
  class space    used 18123K, capacity 19481K, committed 19532K, reserved 1048576K
}
Event: 291.901 GC heap after
{Heap after GC invocations=123 (full 0):
 garbage-first heap   total 273408K, used 183394K [0x0000000080000000, 0x0000000100000000)
  region size 1024K, 3 young (3072K), 3 survivors (3072K)
 Metaspace       used 147796K, capacity 151412K, committed 151628K, reserved 1181696K
  class space    used 18123K, capacity 19481K, committed 19532K, reserved 1048576K
}
Event: 293.938 GC heap before
{Heap before GC invocations=123 (full 0):
 garbage-first heap   total 273408K, used 235618K [0x0000000080000000, 0x0000000100000000)
  region size 1024K, 54 young (55296K), 3 survivors (3072K)
 Metaspace       used 147821K, capacity 151412K, committed 151628K, reserved 1181696K
  class space    used 18125K, capacity 19481K, committed 19532K, reserved 1048576K
}
Event: 293.952 GC heap after
{Heap after GC invocations=124 (full 0):
 garbage-first heap   total 273408K, used 183402K [0x0000000080000000, 0x0000000100000000)
  region size 1024K, 3 young (3072K), 3 survivors (3072K)
 Metaspace       used 147821K, capacity 151412K, committed 151628K, reserved 1181696K
  class space    used 18125K, capacity 19481K, committed 19532K, reserved 1048576K
}
Event: 296.254 GC heap before
{Heap before GC invocations=124 (full 0):
 garbage-first heap   total 273408K, used 236650K [0x0000000080000000, 0x0000000100000000)
  region size 1024K, 55 young (56320K), 3 survivors (3072K)
 Metaspace       used 147834K, capacity 151414K, committed 151628K, reserved 1181696K
  class space    used 18125K, capacity 19481K, committed 19532K, reserved 1048576K
}
Event: 296.282 GC heap after
{Heap after GC invocations=125 (full 0):
 garbage-first heap   total 273408K, used 183779K [0x0000000080000000, 0x0000000100000000)
  region size 1024K, 3 young (3072K), 3 survivors (3072K)
 Metaspace       used 147834K, capacity 151414K, committed 151628K, reserved 1181696K
  class space    used 18125K, capacity 19481K, committed 19532K, reserved 1048576K
}
Event: 299.716 GC heap before
{Heap before GC invocations=125 (full 0):
 garbage-first heap   total 273408K, used 237027K [0x0000000080000000, 0x0000000100000000)
  region size 1024K, 55 young (56320K), 3 survivors (3072K)
 Metaspace       used 147851K, capacity 151479K, committed 151628K, reserved 1181696K
  class space    used 18126K, capacity 19481K, committed 19532K, reserved 1048576K
}
Event: 299.736 GC heap after
{Heap after GC invocations=126 (full 0):
 garbage-first heap   total 273408K, used 183974K [0x0000000080000000, 0x0000000100000000)
  region size 1024K, 4 young (4096K), 4 survivors (4096K)
 Metaspace       used 147851K, capacity 151479K, committed 151628K, reserved 1181696K
  class space    used 18126K, capacity 19481K, committed 19532K, reserved 1048576K
}

Deoptimization events (20 events):
Event: 299.031 Thread 0x000001c520505000 Uncommon trap: trap_request=0xffffffbe fr.pc=0x000001c50c2c7fa0 relative=0x0000000000006100
Event: 299.031 Thread 0x000001c520505000 Uncommon trap: reason=profile_predicate action=maybe_recompile pc=0x000001c50c2c7fa0 method=com.android.tools.r8.ir.regalloc.b.c(IZ)I @ 963 c2
Event: 299.031 Thread 0x000001c520505000 DEOPT PACKING pc=0x000001c50c2c7fa0 sp=0x000000c05c4f8ff0
Event: 299.032 Thread 0x000001c520505000 DEOPT UNPACKING pc=0x000001c503a9a1af sp=0x000000c05c4f8fe8 mode 2
Event: 299.032 Thread 0x000001c520505000 Uncommon trap: trap_request=0xffffffbe fr.pc=0x000001c50c2c7fa0 relative=0x0000000000006100
Event: 299.032 Thread 0x000001c520505000 Uncommon trap: reason=profile_predicate action=maybe_recompile pc=0x000001c50c2c7fa0 method=com.android.tools.r8.ir.regalloc.b.c(IZ)I @ 963 c2
Event: 299.032 Thread 0x000001c520505000 DEOPT PACKING pc=0x000001c50c2c7fa0 sp=0x000000c05c4f8ff0
Event: 299.032 Thread 0x000001c520505000 DEOPT UNPACKING pc=0x000001c503a9a1af sp=0x000000c05c4f8fe8 mode 2
Event: 299.077 Thread 0x000001c520505000 Uncommon trap: trap_request=0xffffffbe fr.pc=0x000001c50c2b4ef4 relative=0x0000000000007314
Event: 299.077 Thread 0x000001c520505000 Uncommon trap: reason=profile_predicate action=maybe_recompile pc=0x000001c50c2b4ef4 method=com.android.tools.r8.ir.regalloc.b.c(IZ)I @ 963 c2
Event: 299.077 Thread 0x000001c520505000 DEOPT PACKING pc=0x000001c50c2b4ef4 sp=0x000000c05c4f9000
Event: 299.077 Thread 0x000001c520505000 DEOPT UNPACKING pc=0x000001c503a9a1af sp=0x000000c05c4f8fe8 mode 2
Event: 299.877 Thread 0x000001c520505000 DEOPT PACKING pc=0x000001c504c5ebb6 sp=0x000000c05c4f9900
Event: 299.877 Thread 0x000001c520505000 DEOPT UNPACKING pc=0x000001c503a9a95e sp=0x000000c05c4f8d78 mode 0
Event: 300.356 Thread 0x000001c520505000 DEOPT PACKING pc=0x000001c504c5ebb6 sp=0x000000c05c4f8ce0
Event: 300.356 Thread 0x000001c520505000 DEOPT UNPACKING pc=0x000001c503a9a95e sp=0x000000c05c4f8158 mode 0
Event: 300.827 Thread 0x000001c520505000 DEOPT PACKING pc=0x000001c504c5ebb6 sp=0x000000c05c4f8ce0
Event: 300.827 Thread 0x000001c520505000 DEOPT UNPACKING pc=0x000001c503a9a95e sp=0x000000c05c4f8158 mode 0
Event: 301.184 Thread 0x000001c520505000 DEOPT PACKING pc=0x000001c507018961 sp=0x000000c05c4f8e10
Event: 301.184 Thread 0x000001c520505000 DEOPT UNPACKING pc=0x000001c503a9a95e sp=0x000000c05c4f85d8 mode 0

Classes redefined (0 events):
No events

Internal exceptions (20 events):
Event: 276.633 Thread 0x000001c520505000 Exception <a 'java/lang/NoSuchMethodError'{0x000000008edb1fe0}: 'java.lang.Object java.lang.invoke.DirectMethodHandle$Holder.invokeStatic(java.lang.Object, long)'> (0x000000008edb1fe0) thrown at [./src/hotspot/share/interpreter/linkResolver.cpp, line 773]
Event: 276.634 Thread 0x000001c520505000 Exception <a 'java/lang/NoSuchMethodError'{0x000000008edbcc00}: 'java.lang.Object java.lang.invoke.Invokers$Holder.linkToTargetMethod(long, java.lang.Object)'> (0x000000008edbcc00) thrown at [./src/hotspot/share/interpreter/linkResolver.cpp, line 773]
Event: 277.817 Thread 0x000001c5271a8000 Exception <a 'java/lang/IncompatibleClassChangeError'{0x000000008d937cb0}: Found class java.lang.Object, but interface was expected> (0x000000008d937cb0) thrown at [./src/hotspot/share/interpreter/linkResolver.cpp, line 839]
Event: 279.155 Thread 0x000001c5271a8000 Exception <a 'java/lang/NoSuchMethodError'{0x000000008fb64ee0}: 'java.lang.Object java.lang.invoke.DirectMethodHandle$Holder.invokeStatic(java.lang.Object, int, java.lang.Object, java.lang.Object)'> (0x000000008fb64ee0) thrown at [./src/hotspot/share/interpreter/linkResolver.cpp, line 773]
Event: 279.155 Thread 0x000001c520505000 Exception <a 'java/lang/NoSuchMethodError'{0x000000008fb7e340}: 'java.lang.Object java.lang.invoke.DirectMethodHandle$Holder.invokeStatic(java.lang.Object, int, java.lang.Object, java.lang.Object)'> (0x000000008fb7e340) thrown at [./src/hotspot/share/interpreter/linkResolver.cpp, line 773]
Event: 279.757 Thread 0x000001c5271a8000 Exception <a 'java/lang/NoSuchMethodError'{0x000000008e9aa7e0}: 'int java.lang.invoke.DirectMethodHandle$Holder.invokeSpecial(java.lang.Object, java.lang.Object, java.lang.Object, java.lang.Object, java.lang.Object)'> (0x000000008e9aa7e0) thrown at [./src/hotspot/share/interpreter/linkResolver.cpp, line 773]
Event: 279.855 Thread 0x000001c5271a8000 Exception <a 'java/lang/IncompatibleClassChangeError'{0x000000008e3f9670}: Found class java.lang.Object, but interface was expected> (0x000000008e3f9670) thrown at [./src/hotspot/share/interpreter/linkResolver.cpp, line 839]
Event: 279.857 Thread 0x000001c5271a8000 Exception <a 'java/lang/IncompatibleClassChangeError'{0x000000008e202be0}: Found class java.lang.Object, but interface was expected> (0x000000008e202be0) thrown at [./src/hotspot/share/interpreter/linkResolver.cpp, line 839]
Event: 280.027 Thread 0x000001c5271a8000 Exception <a 'java/lang/NoSuchMethodError'{0x00000000909c5748}: 'void java.lang.invoke.DirectMethodHandle$Holder.invokeSpecial(java.lang.Object, java.lang.Object, int, java.lang.Object)'> (0x00000000909c5748) thrown at [./src/hotspot/share/interpreter/linkResolver.cpp, line 773]
Event: 280.279 Thread 0x000001c5271a8000 Exception <a 'java/lang/NoSuchMethodError'{0x00000000904c1840}: 'java.lang.Object java.lang.invoke.DirectMethodHandle$Holder.newInvokeSpecial(java.lang.Object, int)'> (0x00000000904c1840) thrown at [./src/hotspot/share/interpreter/linkResolver.cpp, line 773]
Event: 280.279 Thread 0x000001c520505000 Exception <a 'java/lang/NoSuchMethodError'{0x00000000905e3f30}: 'java.lang.Object java.lang.invoke.DirectMethodHandle$Holder.newInvokeSpecial(java.lang.Object, int)'> (0x00000000905e3f30) thrown at [./src/hotspot/share/interpreter/linkResolver.cpp, line 773]
Event: 284.915 Thread 0x000001c520505000 Implicit null exception at 0x000001c50c1f18f0 to 0x000001c50c1f8140
Event: 284.929 Thread 0x000001c5271a8000 Exception <a 'java/lang/NoSuchMethodError'{0x000000008fd90630}: 'java.lang.Object java.lang.invoke.Invokers$Holder.linkToTargetMethod(java.lang.Object, int, java.lang.Object, java.lang.Object, java.lang.Object, java.lang.Object)'> (0x000000008fd90630) thrown at [./src/hotspot/share/interpreter/linkResolver.cpp, line 773]
Event: 284.931 Thread 0x000001c5271a8000 Exception <a 'java/lang/NoSuchMethodError'{0x000000008fd9d3a8}: 'java.lang.Object java.lang.invoke.DirectMethodHandle$Holder.invokeStatic(java.lang.Object, java.lang.Object, java.lang.Object, java.lang.Object, int, java.lang.Object, java.lang.Object)'> (0x000000008fd9d3a8) thrown at [./src/hotspot/share/interpreter/linkResolver.cpp, line 773]
Event: 284.932 Thread 0x000001c5271a8000 Exception <a 'java/lang/NoSuchMethodError'{0x000000008fda4ea0}: 'java.lang.Object java.lang.invoke.Invokers$Holder.linkToTargetMethod(java.lang.Object, java.lang.Object, java.lang.Object, int, java.lang.Object, java.lang.Object, java.lang.Object)'> (0x000000008fda4ea0) thrown at [./src/hotspot/share/interpreter/linkResolver.cpp, line 773]
Event: 284.935 Thread 0x000001c5271a8000 Exception <a 'java/lang/NoSuchMethodError'{0x000000008fdb9f70}: 'void java.lang.invoke.DirectMethodHandle$Holder.invokeStatic(java.lang.Object, java.lang.Object, java.lang.Object, java.lang.Object, java.lang.Object, java.lang.Object, java.lang.Object, java.lang.Object)'> (0x000000008fdb9f70) thrown at [./src/hotspot/share/interpreter/linkResolver.cpp, line 773]
Event: 285.265 Thread 0x000001c5271a8000 Exception <a 'java/lang/IncompatibleClassChangeError'{0x000000008ed3bd40}: Found class java.lang.Object, but interface was expected> (0x000000008ed3bd40) thrown at [./src/hotspot/share/interpreter/linkResolver.cpp, line 839]
Event: 285.486 Thread 0x000001c520505000 Exception <a 'java/lang/NoSuchMethodError'{0x000000008e42f400}: 'int java.lang.invoke.DirectMethodHandle$Holder.invokeInterface(java.lang.Object, java.lang.Object, int)'> (0x000000008e42f400) thrown at [./src/hotspot/share/interpreter/linkResolver.cpp, line 773]
Event: 285.609 Thread 0x000001c5271a8000 Exception <a 'java/lang/NoSuchMethodError'{0x0000000090a35fb0}: 'void java.lang.invoke.DirectMethodHandle$Holder.invokeSpecial(java.lang.Object, java.lang.Object, int)'> (0x0000000090a35fb0) thrown at [./src/hotspot/share/interpreter/linkResolver.cpp, line 773]
Event: 285.688 Thread 0x000001c5271a8000 Exception <a 'sun/nio/fs/WindowsException'{0x0000000090693418}> (0x0000000090693418) thrown at [./src/hotspot/share/prims/jni.cpp, line 615]

Events (20 events):
Event: 295.758 Thread 0x000001c51aecc800 flushing nmethod 0x000001c50657a590
Event: 295.762 Thread 0x000001c51aecc800 flushing nmethod 0x000001c5066aff90
Event: 295.763 Thread 0x000001c51aecc800 flushing nmethod 0x000001c5066f3610
Event: 295.773 Executing VM operation: ICBufferFull
Event: 295.774 Executing VM operation: ICBufferFull done
Event: 296.247 Executing VM operation: G1CollectForAllocation
Event: 296.282 Executing VM operation: G1CollectForAllocation done
Event: 298.449 loading class com/android/tools/r8/internal/k8
Event: 298.449 loading class com/android/tools/r8/internal/k8 done
Event: 299.716 Executing VM operation: G1CollectForAllocation
Event: 299.736 Executing VM operation: G1CollectForAllocation done
Event: 299.969 loading class com/android/tools/r8/internal/zq
Event: 299.969 loading class com/android/tools/r8/internal/zq done
Event: 300.307 loading class com/android/tools/r8/internal/T6
Event: 300.307 loading class com/android/tools/r8/internal/T6 done
Event: 300.836 loading class com/android/tools/r8/code/z0
Event: 300.836 loading class com/android/tools/r8/code/z0 done
Event: 301.113 loading class com/android/tools/r8/code/y0
Event: 301.113 loading class com/android/tools/r8/code/y0 done
Event: 301.399 Thread 0x000001c520369800 Thread exited: 0x000001c520369800


Dynamic libraries:
0x00007ff6ef4c0000 - 0x00007ff6ef4ca000 	C:\Program Files\Android\Android Studio1\jre\bin\java.exe
0x00007fff57150000 - 0x00007fff57347000 	C:\Windows\SYSTEM32\ntdll.dll
0x00007fff56510000 - 0x00007fff565cd000 	C:\Windows\System32\KERNEL32.DLL
0x00007fff54b60000 - 0x00007fff54e2d000 	C:\Windows\System32\KERNELBASE.dll
0x00007fff51b30000 - 0x00007fff51bc0000 	C:\Windows\SYSTEM32\apphelp.dll
0x00007fff1e590000 - 0x00007fff1ea24000 	C:\Windows\SYSTEM32\AcLayers.DLL
0x00007fff56e80000 - 0x00007fff56f1e000 	C:\Windows\System32\msvcrt.dll
0x00007fff56970000 - 0x00007fff56b10000 	C:\Windows\System32\USER32.dll
0x00007fff55180000 - 0x00007fff551a2000 	C:\Windows\System32\win32u.dll
0x00007fff564e0000 - 0x00007fff5650a000 	C:\Windows\System32\GDI32.dll
0x00007fff54f30000 - 0x00007fff5503b000 	C:\Windows\System32\gdi32full.dll
0x00007fff54a00000 - 0x00007fff54a9d000 	C:\Windows\System32\msvcp_win.dll
0x00007fff54e30000 - 0x00007fff54f30000 	C:\Windows\System32\ucrtbase.dll
0x00007fff55960000 - 0x00007fff559b5000 	C:\Windows\System32\SHLWAPI.dll
0x00007fff559c0000 - 0x00007fff55a6e000 	C:\Windows\System32\ADVAPI32.dll
0x00007fff57070000 - 0x00007fff5710c000 	C:\Windows\System32\sechost.dll
0x00007fff55a80000 - 0x00007fff55ba5000 	C:\Windows\System32\RPCRT4.dll
0x000001c57cc60000 - 0x000001c57cc63000 	C:\Windows\SYSTEM32\sfc.dll
0x00007fff2caa0000 - 0x00007fff2cb34000 	C:\Windows\SYSTEM32\WINSPOOL.DRV
0x00007fff2dd50000 - 0x00007fff2dd62000 	C:\Windows\SYSTEM32\sfc_os.DLL
0x00007fff4cee0000 - 0x00007fff4cef1000 	C:\Windows\SYSTEM32\SortWindows61.dll
0x00007fff55c10000 - 0x00007fff55c40000 	C:\Windows\System32\IMM32.DLL
0x00007fff3c9f0000 - 0x00007fff3ca09000 	C:\Program Files\Android\Android Studio1\jre\bin\jli.dll
0x00007fff41af0000 - 0x00007fff41d8a000 	C:\Windows\WinSxS\amd64_microsoft.windows.common-controls_6595b64144ccf1df_6.0.19041.1110_none_60b5254171f9507e\COMCTL32.dll
0x00007fff3b170000 - 0x00007fff3b187000 	C:\Program Files\Android\Android Studio1\jre\bin\VCRUNTIME140.dll
0x00007fff22250000 - 0x00007fff222ed000 	C:\Program Files\Android\Android Studio1\jre\bin\msvcp140.dll
0x00007fff16170000 - 0x00007fff16c55000 	C:\Program Files\Android\Android Studio1\jre\bin\server\jvm.dll
0x00007fff55a70000 - 0x00007fff55a78000 	C:\Windows\System32\PSAPI.DLL
0x00007fff3eb80000 - 0x00007fff3eb89000 	C:\Windows\SYSTEM32\WSOCK32.dll
0x00007fff2fd90000 - 0x00007fff2fdb7000 	C:\Windows\SYSTEM32\WINMM.dll
0x00007fff55d20000 - 0x00007fff55d8b000 	C:\Windows\System32\WS2_32.dll
0x00007fff4bc90000 - 0x00007fff4bc9a000 	C:\Windows\SYSTEM32\VERSION.dll
0x00007fff53130000 - 0x00007fff53142000 	C:\Windows\SYSTEM32\kernel.appcore.dll
0x00007fff4c9a0000 - 0x00007fff4c9b1000 	C:\Program Files\Android\Android Studio1\jre\bin\verify.dll
0x00007fff52e10000 - 0x00007fff52ff4000 	C:\Windows\SYSTEM32\DBGHELP.DLL
0x00007fff3a940000 - 0x00007fff3a96c000 	C:\Windows\SYSTEM32\dbgcore.DLL
0x00007fff550f0000 - 0x00007fff55172000 	C:\Windows\System32\bcryptPrimitives.dll
0x00007fff4c970000 - 0x00007fff4c999000 	C:\Program Files\Android\Android Studio1\jre\bin\java.dll
0x00007fff4ee20000 - 0x00007fff4ee2b000 	C:\Program Files\Android\Android Studio1\jre\bin\jimage.dll
0x00007fff4cec0000 - 0x00007fff4ced8000 	C:\Program Files\Android\Android Studio1\jre\bin\zip.dll
0x00007fff55d90000 - 0x00007fff564d4000 	C:\Windows\System32\SHELL32.dll
0x00007fff525a0000 - 0x00007fff52d34000 	C:\Windows\SYSTEM32\windows.storage.dll
0x00007fff56b20000 - 0x00007fff56e74000 	C:\Windows\System32\combase.dll
0x00007fff54200000 - 0x00007fff5422c000 	C:\Windows\SYSTEM32\Wldp.dll
0x00007fff55210000 - 0x00007fff552bd000 	C:\Windows\System32\SHCORE.dll
0x00007fff547b0000 - 0x00007fff547cf000 	C:\Windows\SYSTEM32\profapi.dll
0x00007fff4ce80000 - 0x00007fff4ce9a000 	C:\Program Files\Android\Android Studio1\jre\bin\net.dll
0x00007fff41370000 - 0x00007fff4147a000 	C:\Windows\SYSTEM32\WINHTTP.dll
0x00007fff53f60000 - 0x00007fff53fca000 	C:\Windows\system32\mswsock.dll
0x00007fff4ce60000 - 0x00007fff4ce74000 	C:\Program Files\Android\Android Studio1\jre\bin\nio.dll
0x00007fff3aaf0000 - 0x00007fff3ab17000 	C:\Users\usuario\.gradle\native\e1d6ef7f7dcc3fd88c89a11ec53ec762bb8ba0a96d01ffa2cd45eb1d1d8dd5c5\windows-amd64\native-platform.dll
0x00007fff22100000 - 0x00007fff22244000 	C:\Users\usuario\.gradle\native\5664cfc778a61ccfe75a443a1ab52a65af34e5dc3c78e0209fed803814484fcb\windows-amd64\native-platform-file-events.dll
0x00007fff4ce50000 - 0x00007fff4ce5a000 	C:\Program Files\Android\Android Studio1\jre\bin\management.dll
0x00007fff4ce40000 - 0x00007fff4ce4d000 	C:\Program Files\Android\Android Studio1\jre\bin\management_ext.dll
0x00007fff54150000 - 0x00007fff54168000 	C:\Windows\SYSTEM32\CRYPTSP.dll
0x00007fff538e0000 - 0x00007fff53914000 	C:\Windows\system32\rsaenh.dll
0x00007fff549d0000 - 0x00007fff549f7000 	C:\Windows\System32\bcrypt.dll
0x00007fff54730000 - 0x00007fff5475e000 	C:\Windows\SYSTEM32\USERENV.dll
0x00007fff54170000 - 0x00007fff5417c000 	C:\Windows\SYSTEM32\CRYPTBASE.dll
0x00007fff53c50000 - 0x00007fff53c8b000 	C:\Windows\SYSTEM32\IPHLPAPI.DLL
0x00007fff56820000 - 0x00007fff56828000 	C:\Windows\System32\NSI.dll
0x00007fff4a730000 - 0x00007fff4a747000 	C:\Windows\SYSTEM32\dhcpcsvc6.DLL
0x00007fff4be20000 - 0x00007fff4be3d000 	C:\Windows\SYSTEM32\dhcpcsvc.DLL
0x00007fff53c90000 - 0x00007fff53d5b000 	C:\Windows\SYSTEM32\DNSAPI.dll
0x00007fff53570000 - 0x00007fff535a3000 	C:\Windows\SYSTEM32\ntmarta.dll

dbghelp: loaded successfully - version: 4.0.5 - missing functions: none
symbol engine: initialized successfully - sym options: 0x614 - pdb path: .;C:\Program Files\Android\Android Studio1\jre\bin;C:\Windows\SYSTEM32;C:\Windows\WinSxS\amd64_microsoft.windows.common-controls_6595b64144ccf1df_6.0.19041.1110_none_60b5254171f9507e;C:\Program Files\Android\Android Studio1\jre\bin\server;C:\Users\usuario\.gradle\native\e1d6ef7f7dcc3fd88c89a11ec53ec762bb8ba0a96d01ffa2cd45eb1d1d8dd5c5\windows-amd64;C:\Users\usuario\.gradle\native\5664cfc778a61ccfe75a443a1ab52a65af34e5dc3c78e0209fed803814484fcb\windows-amd64

VM Arguments:
jvm_args: --add-opens=java.base/java.util=ALL-UNNAMED --add-opens=java.base/java.lang=ALL-UNNAMED --add-opens=java.base/java.lang.invoke=ALL-UNNAMED --add-opens=java.base/java.util=ALL-UNNAMED --add-opens=java.prefs/java.util.prefs=ALL-UNNAMED --add-opens=java.prefs/java.util.prefs=ALL-UNNAMED --add-opens=java.base/java.nio.charset=ALL-UNNAMED --add-opens=java.base/java.net=ALL-UNNAMED --add-opens=java.base/java.util.concurrent.atomic=ALL-UNNAMED -Xmx2048m -Dfile.encoding=UTF-8 -Duser.country=BR -Duser.language=pt -Duser.variant 
java_command: org.gradle.launcher.daemon.bootstrap.GradleDaemon 7.3.3
java_class_path (initial): C:\Users\usuario\.gradle\wrapper\dists\gradle-7.3.3-bin\6a41zxkdtcxs8rphpq6y0069z\gradle-7.3.3\lib\gradle-launcher-7.3.3.jar
Launcher Type: SUN_STANDARD

[Global flags]
     intx CICompilerCount                          = 3                                         {product} {ergonomic}
     uint ConcGCThreads                            = 1                                         {product} {ergonomic}
     uint G1ConcRefinementThreads                  = 4                                         {product} {ergonomic}
   size_t G1HeapRegionSize                         = 1048576                                   {product} {ergonomic}
    uintx GCDrainStackTargetSize                   = 64                                        {product} {ergonomic}
   size_t InitialHeapSize                          = 134217728                                 {product} {ergonomic}
   size_t MarkStackSize                            = 4194304                                   {product} {ergonomic}
   size_t MaxHeapSize                              = 2147483648                                {product} {command line}
   size_t MaxNewSize                               = 1287651328                                {product} {ergonomic}
   size_t MinHeapDeltaBytes                        = 1048576                                   {product} {ergonomic}
    uintx NonNMethodCodeHeapSize                   = 5830732                                {pd product} {ergonomic}
    uintx NonProfiledCodeHeapSize                  = 122913754                              {pd product} {ergonomic}
    uintx ProfiledCodeHeapSize                     = 122913754                              {pd product} {ergonomic}
    uintx ReservedCodeCacheSize                    = 251658240                              {pd product} {ergonomic}
     bool SegmentedCodeCache                       = true                                      {product} {ergonomic}
     bool UseCompressedClassPointers               = true                                 {lp64_product} {ergonomic}
     bool UseCompressedOops                        = true                                 {lp64_product} {ergonomic}
     bool UseG1GC                                  = true                                      {product} {ergonomic}
     bool UseLargePagesIndividualAllocation        = false                                  {pd product} {ergonomic}

Logging:
Log output configuration:
 #0: stdout all=warning uptime,level,tags
 #1: stderr all=off uptime,level,tags

Environment Variables:
JAVA_HOME=C:\Program Files\Java\jdk-17
PATH=C:\ProgramData\Oracle\Java\javapath;C:\Program Files\Common Files\Oracle\Java\javapath;C:\Windows\system32;C:\Windows;C:\Windows\System32\Wbem;C:\Windows\System32\WindowsPowerShell\v1.0\;C:\Windows\System32\OpenSSH\;C:\Program Files (x86)\Intel\Intel(R) Management Engine Components\DAL;C:\Program Files\Intel\Intel(R) Management Engine Components\DAL;C:\ProgramData\UNIVALI\Portugol Studio;C:\Program Files\Java\jdk-17\bin;C:\ProgramData\chocolatey\bin;C:\Program Files\Git\cmd;C:\Users\usuario\AppData\Local\Microsoft\WindowsApps
USERNAME=usuario
OS=Windows_NT
PROCESSOR_IDENTIFIER=Intel64 Family 6 Model 78 Stepping 3, GenuineIntel



---------------  S Y S T E M  ---------------

OS: Windows 10 , 64 bit Build 19041 (10.0.19041.1741)
OS uptime: 2 days 11:23 hours

CPU:total 4 (initial active 4) (2 cores per cpu, 2 threads per core) family 6 model 78 stepping 3 microcode 0xea, cmov, cx8, fxsr, mmx, sse, sse2, sse3, ssse3, sse4.1, sse4.2, popcnt, avx, avx2, aes, clmul, erms, 3dnowpref, lzcnt, ht, tsc, tscinvbit, bmi1, bmi2, adx, fma

Memory: 4k page, system-wide physical 8083M (195M free)
TotalPageFile size 12179M (AvailPageFile size 10M)
current process WorkingSet (physical memory assigned to process): 402M, peak: 643M
current process commit charge ("private bytes"): 760M, peak: 762M

vm_info: OpenJDK 64-Bit Server VM (11.0.12+7-b1504.28-7817840) for windows-amd64 JRE (11.0.12+7-b1504.28-7817840), built on Oct 13 2021 22:12:33 by "builder" with MS VC++ 14.0 (VS2015)

END.
